{"contracts/access/Governable.sol":{"l":{"10":0,"14":0,"15":0,"19":0,"20":0},"path":"/home/liam/Projects/decentralized-perpetual-trading-protocol-cross-chain/contracts/access/Governable.sol","s":{"1":0,"2":0},"b":{"1":[0,0],"2":[0,0]},"f":{"1":0,"2":0,"3":0},"fnMap":{"1":{"name":"constructor","line":9,"loc":{"start":{"line":9,"column":4},"end":{"line":11,"column":4}}},"2":{"name":"onlyGov","line":13,"loc":{"start":{"line":13,"column":4},"end":{"line":16,"column":4}}},"3":{"name":"setGov","line":18,"loc":{"start":{"line":18,"column":4},"end":{"line":21,"column":4}}}},"statementMap":{"1":{"start":{"line":14,"column":8},"end":{"line":14,"column":58}},"2":{"start":{"line":19,"column":8},"end":{"line":19,"column":34}}},"branchMap":{"1":{"line":14,"type":"if","locations":[{"start":{"line":14,"column":8},"end":{"line":14,"column":8}},{"start":{"line":14,"column":8},"end":{"line":14,"column":8}}]},"2":{"line":18,"type":"if","locations":[{"start":{"line":18,"column":43},"end":{"line":18,"column":43}},{"start":{"line":18,"column":43},"end":{"line":18,"column":43}}]}}},"contracts/access/interfaces/IAdmin.sol":{"l":{},"path":"/home/liam/Projects/decentralized-perpetual-trading-protocol-cross-chain/contracts/access/interfaces/IAdmin.sol","s":{},"b":{},"f":{},"fnMap":{},"statementMap":{},"branchMap":{}},"contracts/interfaces/CrosschainFunctionCallInterface.sol":{"l":{},"path":"/home/liam/Projects/decentralized-perpetual-trading-protocol-cross-chain/contracts/interfaces/CrosschainFunctionCallInterface.sol","s":{},"b":{},"f":{},"fnMap":{},"statementMap":{},"branchMap":{}},"contracts/interfaces/IChainLinkPriceFeed.sol":{"l":{},"path":"/home/liam/Projects/decentralized-perpetual-trading-protocol-cross-chain/contracts/interfaces/IChainLinkPriceFeed.sol","s":{},"b":{},"f":{},"fnMap":{},"statementMap":{},"branchMap":{}},"contracts/interfaces/IFuturesGateway.sol":{"l":{},"path":"/home/liam/Projects/decentralized-perpetual-trading-protocol-cross-chain/contracts/interfaces/IFuturesGateway.sol","s":{},"b":{},"f":{},"fnMap":{},"statementMap":{},"branchMap":{}},"contracts/interfaces/IFuturXGateway.sol":{"l":{},"path":"/home/liam/Projects/decentralized-perpetual-trading-protocol-cross-chain/contracts/interfaces/IFuturXGateway.sol","s":{},"b":{},"f":{},"fnMap":{},"statementMap":{},"branchMap":{}},"contracts/interfaces/IFuturXGatewayStorage.sol":{"l":{},"path":"/home/liam/Projects/decentralized-perpetual-trading-protocol-cross-chain/contracts/interfaces/IFuturXGatewayStorage.sol","s":{},"b":{},"f":{},"fnMap":{},"statementMap":{},"branchMap":{}},"contracts/interfaces/IFuturXVoucher.sol":{"l":{},"path":"/home/liam/Projects/decentralized-perpetual-trading-protocol-cross-chain/contracts/interfaces/IFuturXVoucher.sol","s":{},"b":{},"f":{},"fnMap":{},"statementMap":{},"branchMap":{}},"contracts/interfaces/IGatewayUtils.sol":{"l":{},"path":"/home/liam/Projects/decentralized-perpetual-trading-protocol-cross-chain/contracts/interfaces/IGatewayUtils.sol","s":{},"b":{},"f":{},"fnMap":{},"statementMap":{},"branchMap":{}},"contracts/interfaces/IInsuranceFund.sol":{"l":{},"path":"/home/liam/Projects/decentralized-perpetual-trading-protocol-cross-chain/contracts/interfaces/IInsuranceFund.sol","s":{},"b":{},"f":{},"fnMap":{},"statementMap":{},"branchMap":{}},"contracts/interfaces/ILightClient.sol":{"l":{},"path":"/home/liam/Projects/decentralized-perpetual-trading-protocol-cross-chain/contracts/interfaces/ILightClient.sol","s":{},"b":{},"f":{},"fnMap":{},"statementMap":{},"branchMap":{}},"contracts/interfaces/ILpManager.sol":{"l":{},"path":"/home/liam/Projects/decentralized-perpetual-trading-protocol-cross-chain/contracts/interfaces/ILpManager.sol","s":{},"b":{},"f":{},"fnMap":{},"statementMap":{},"branchMap":{}},"contracts/interfaces/IMintable.sol":{"l":{},"path":"/home/liam/Projects/decentralized-perpetual-trading-protocol-cross-chain/contracts/interfaces/IMintable.sol","s":{},"b":{},"f":{},"fnMap":{},"statementMap":{},"branchMap":{}},"contracts/interfaces/IRelayerHub.sol":{"l":{},"path":"/home/liam/Projects/decentralized-perpetual-trading-protocol-cross-chain/contracts/interfaces/IRelayerHub.sol","s":{},"b":{},"f":{},"fnMap":{},"statementMap":{},"branchMap":{}},"contracts/interfaces/IShortsTracker.sol":{"l":{},"path":"/home/liam/Projects/decentralized-perpetual-trading-protocol-cross-chain/contracts/interfaces/IShortsTracker.sol","s":{},"b":{},"f":{},"fnMap":{},"statementMap":{},"branchMap":{}},"contracts/interfaces/IUniswapV2Factory.sol":{"l":{},"path":"/home/liam/Projects/decentralized-perpetual-trading-protocol-cross-chain/contracts/interfaces/IUniswapV2Factory.sol","s":{},"b":{},"f":{},"fnMap":{},"statementMap":{},"branchMap":{}},"contracts/interfaces/IUniswapV2Pair.sol":{"l":{},"path":"/home/liam/Projects/decentralized-perpetual-trading-protocol-cross-chain/contracts/interfaces/IUniswapV2Pair.sol","s":{},"b":{},"f":{},"fnMap":{},"statementMap":{},"branchMap":{}},"contracts/interfaces/IUniswapV2Router.sol":{"l":{},"path":"/home/liam/Projects/decentralized-perpetual-trading-protocol-cross-chain/contracts/interfaces/IUniswapV2Router.sol","s":{},"b":{},"f":{},"fnMap":{},"statementMap":{},"branchMap":{}},"contracts/interfaces/IVault.sol":{"l":{},"path":"/home/liam/Projects/decentralized-perpetual-trading-protocol-cross-chain/contracts/interfaces/IVault.sol","s":{},"b":{},"f":{},"fnMap":{},"statementMap":{},"branchMap":{}},"contracts/interfaces/IVaultPriceFeed.sol":{"l":{},"path":"/home/liam/Projects/decentralized-perpetual-trading-protocol-cross-chain/contracts/interfaces/IVaultPriceFeed.sol","s":{},"b":{},"f":{},"fnMap":{},"statementMap":{},"branchMap":{}},"contracts/interfaces/IVaultUtils.sol":{"l":{},"path":"/home/liam/Projects/decentralized-perpetual-trading-protocol-cross-chain/contracts/interfaces/IVaultUtils.sol","s":{},"b":{},"f":{},"fnMap":{},"statementMap":{},"branchMap":{}},"contracts/interfaces/NonAtomicHiddenAuthParameters.sol":{"l":{"30":0,"49":0,"50":0,"52":0},"path":"/home/liam/Projects/decentralized-perpetual-trading-protocol-cross-chain/contracts/interfaces/NonAtomicHiddenAuthParameters.sol","s":{"1":0,"2":0,"3":0},"b":{},"f":{"1":0,"2":0},"fnMap":{"1":{"name":"encodeNonAtomicAuthParams","line":25,"loc":{"start":{"line":25,"column":4},"end":{"line":35,"column":4}}},"2":{"name":"decodeNonAtomicAuthParams","line":44,"loc":{"start":{"line":44,"column":4},"end":{"line":58,"column":4}}}},"statementMap":{"1":{"start":{"line":30,"column":8},"end":{"line":30,"column":1298}},"2":{"start":{"line":49,"column":8},"end":{"line":49,"column":43}},"3":{"start":{"line":50,"column":8},"end":{"line":50,"column":38}}},"branchMap":{}},"contracts/oracle/interfaces/IChainlinkFlags.sol":{"l":{},"path":"/home/liam/Projects/decentralized-perpetual-trading-protocol-cross-chain/contracts/oracle/interfaces/IChainlinkFlags.sol","s":{},"b":{},"f":{},"fnMap":{},"statementMap":{},"branchMap":{}},"contracts/oracle/interfaces/IPriceFeed.sol":{"l":{},"path":"/home/liam/Projects/decentralized-perpetual-trading-protocol-cross-chain/contracts/oracle/interfaces/IPriceFeed.sol","s":{},"b":{},"f":{},"fnMap":{},"statementMap":{},"branchMap":{}},"contracts/oracle/PriceFeed.sol":{"l":{"20":18,"21":18,"25":0,"26":0,"30":0,"34":0,"38":0,"39":0,"40":0,"41":0,"48":0},"path":"/home/liam/Projects/decentralized-perpetual-trading-protocol-cross-chain/contracts/oracle/PriceFeed.sol","s":{"1":0,"2":0,"3":0,"4":0,"5":0},"b":{"1":[0,0],"2":[0,0]},"f":{"1":18,"2":0,"3":0,"4":0,"5":0,"6":0},"fnMap":{"1":{"name":"constructor","line":19,"loc":{"start":{"line":19,"column":4},"end":{"line":22,"column":4}}},"2":{"name":"setAdmin","line":24,"loc":{"start":{"line":24,"column":4},"end":{"line":27,"column":4}}},"3":{"name":"latestAnswer","line":29,"loc":{"start":{"line":29,"column":4},"end":{"line":31,"column":4}}},"4":{"name":"latestRound","line":33,"loc":{"start":{"line":33,"column":4},"end":{"line":35,"column":4}}},"5":{"name":"setLatestAnswer","line":37,"loc":{"start":{"line":37,"column":4},"end":{"line":42,"column":4}}},"6":{"name":"getRoundData","line":45,"loc":{"start":{"line":45,"column":4},"end":{"line":49,"column":4}}}},"statementMap":{"1":{"start":{"line":25,"column":8},"end":{"line":25,"column":57}},"2":{"start":{"line":30,"column":8},"end":{"line":30,"column":21}},"3":{"start":{"line":34,"column":8},"end":{"line":34,"column":22}},"4":{"start":{"line":38,"column":8},"end":{"line":38,"column":59}},"5":{"start":{"line":48,"column":8},"end":{"line":48,"column":53}}},"branchMap":{"1":{"line":25,"type":"if","locations":[{"start":{"line":25,"column":8},"end":{"line":25,"column":8}},{"start":{"line":25,"column":8},"end":{"line":25,"column":8}}]},"2":{"line":38,"type":"if","locations":[{"start":{"line":38,"column":8},"end":{"line":38,"column":8}},{"start":{"line":38,"column":8},"end":{"line":38,"column":8}}]}}},"contracts/peripherals/EsGmxBatchSender.sol":{"l":{"18":0,"19":0,"23":0,"24":0,"33":0,"35":0,"36":0,"38":0,"41":0,"46":0,"49":0,"53":0,"56":0,"60":0,"63":0,"66":0,"74":0,"78":0},"path":"/home/liam/Projects/decentralized-perpetual-trading-protocol-cross-chain/contracts/peripherals/EsGmxBatchSender.sol","s":{"1":0,"2":0,"3":0,"4":0,"5":0,"6":0,"7":0,"8":0,"9":0,"10":0,"11":0,"12":0},"b":{"1":[0,0],"2":[0,0],"3":[0,0]},"f":{"1":0,"2":0,"3":0},"fnMap":{"1":{"name":"constructor","line":17,"loc":{"start":{"line":17,"column":4},"end":{"line":20,"column":4}}},"2":{"name":"onlyAdmin","line":22,"loc":{"start":{"line":22,"column":4},"end":{"line":25,"column":4}}},"3":{"name":"send","line":32,"loc":{"start":{"line":27,"column":4},"end":{"line":83,"column":4}}}},"statementMap":{"1":{"start":{"line":23,"column":8},"end":{"line":23,"column":67}},"2":{"start":{"line":33,"column":8},"end":{"line":33,"column":78}},"3":{"start":{"line":35,"column":8},"end":{"line":35,"column":870}},"4":{"start":{"line":36,"column":12},"end":{"line":36,"column":77}},"5":{"start":{"line":38,"column":12},"end":{"line":38,"column":1037}},"6":{"start":{"line":41,"column":12},"end":{"line":41,"column":1173}},"7":{"start":{"line":46,"column":12},"end":{"line":46,"column":1321}},"8":{"start":{"line":49,"column":12},"end":{"line":49,"column":1437}},"9":{"start":{"line":53,"column":12},"end":{"line":53,"column":1615}},"10":{"start":{"line":56,"column":12},"end":{"line":56,"column":1688}},"11":{"start":{"line":63,"column":12},"end":{"line":63,"column":1862}},"12":{"start":{"line":78,"column":12},"end":{"line":78,"column":2489}}},"branchMap":{"1":{"line":23,"type":"if","locations":[{"start":{"line":23,"column":8},"end":{"line":23,"column":8}},{"start":{"line":23,"column":8},"end":{"line":23,"column":8}}]},"2":{"line":32,"type":"if","locations":[{"start":{"line":32,"column":15},"end":{"line":32,"column":15}},{"start":{"line":32,"column":15},"end":{"line":32,"column":15}}]},"3":{"line":56,"type":"if","locations":[{"start":{"line":56,"column":12},"end":{"line":56,"column":12}},{"start":{"line":56,"column":12},"end":{"line":56,"column":12}}]}}},"contracts/peripherals/interfaces/IHandlerTarget.sol":{"l":{},"path":"/home/liam/Projects/decentralized-perpetual-trading-protocol-cross-chain/contracts/peripherals/interfaces/IHandlerTarget.sol","s":{},"b":{},"f":{},"fnMap":{},"statementMap":{},"branchMap":{}},"contracts/peripherals/interfaces/ITimelock.sol":{"l":{},"path":"/home/liam/Projects/decentralized-perpetual-trading-protocol-cross-chain/contracts/peripherals/interfaces/ITimelock.sol","s":{},"b":{},"f":{},"fnMap":{},"statementMap":{},"branchMap":{}},"contracts/peripherals/interfaces/ITimelockTarget.sol":{"l":{},"path":"/home/liam/Projects/decentralized-perpetual-trading-protocol-cross-chain/contracts/peripherals/interfaces/ITimelockTarget.sol","s":{},"b":{},"f":{},"fnMap":{},"statementMap":{},"branchMap":{}},"contracts/peripherals/Timelock.sol":{"l":{"91":0,"92":0,"96":0,"100":0,"104":0,"110":0,"114":0,"115":0,"129":0,"130":0,"131":0,"132":0,"133":0,"134":0,"135":0,"136":0,"138":0,"139":0,"143":0,"150":0,"151":0,"158":0,"162":0,"164":0,"165":0,"167":0,"168":0,"170":0,"171":0,"175":0,"177":0,"181":0,"185":0,"189":0,"193":0,"194":0,"195":0,"202":0,"208":0,"217":0,"221":0,"226":0,"233":0,"240":0,"241":0,"252":0,"254":0,"280":0,"282":0,"297":0,"299":0,"301":0,"305":0,"320":0,"322":0,"324":0,"328":0,"345":0,"358":0,"360":0,"361":0,"366":0,"367":0,"368":0,"370":0,"380":0,"382":0,"390":0,"391":0,"396":0,"397":0,"399":0,"401":0,"402":0,"403":0,"405":0,"406":0,"409":0,"415":0,"423":0,"427":0,"436":0,"442":0,"449":0,"458":0,"469":0,"476":0,"477":0,"485":0,"492":0,"493":0,"501":0,"509":0,"516":0,"524":0,"529":0,"531":0,"532":0,"533":0,"534":0,"537":0,"545":0,"553":0,"556":0,"557":0,"565":0,"568":0,"569":0,"570":0,"579":0,"588":0,"589":0,"598":0,"607":0,"608":0,"609":0,"617":0,"620":0,"621":0,"629":0,"632":0,"633":0,"635":0,"642":0,"643":0,"644":0,"648":0,"649":0,"650":0,"651":0,"659":0,"662":0,"663":0,"671":0,"674":0,"675":0,"676":0,"683":0,"686":0,"687":0,"694":0,"697":0,"698":0,"699":0,"707":0,"710":0,"711":0,"719":0,"722":0,"723":0,"725":0,"726":0,"727":0,"729":0,"730":0,"732":0,"734":0,"735":0,"748":0,"762":0,"764":0,"786":0,"800":0,"801":0,"803":0,"815":0,"819":0,"821":0,"823":0,"824":0,"829":0,"833":0,"837":0,"838":0,"842":0,"843":0,"850":0,"851":0,"852":0},"path":"/home/liam/Projects/decentralized-perpetual-trading-protocol-cross-chain/contracts/peripherals/Timelock.sol","s":{"1":0,"2":0,"3":0,"4":0,"5":0,"6":0,"7":0,"8":0,"9":0,"10":0,"11":0,"12":0,"13":0,"14":0,"15":0,"16":0,"17":0,"18":0,"19":0,"20":0,"21":0,"22":0,"23":0,"24":0,"25":0,"26":0,"27":0,"28":0,"29":0,"30":0,"31":0,"32":0,"33":0,"34":0,"35":0,"36":0,"37":0,"38":0,"39":0,"40":0,"41":0,"42":0,"43":0,"44":0,"45":0,"46":0,"47":0,"48":0,"49":0,"50":0,"51":0,"52":0,"53":0,"54":0,"55":0,"56":0,"57":0,"58":0,"59":0,"60":0,"61":0,"62":0,"63":0,"64":0,"65":0,"66":0,"67":0,"68":0,"69":0,"70":0,"71":0,"72":0,"73":0,"74":0,"75":0,"76":0,"77":0,"78":0,"79":0,"80":0,"81":0,"82":0,"83":0,"84":0,"85":0,"86":0,"87":0,"88":0,"89":0,"90":0,"91":0,"92":0,"93":0,"94":0,"95":0,"96":0,"97":0,"98":0,"99":0,"100":0,"101":0,"102":0,"103":0,"104":0,"105":0,"106":0,"107":0,"108":0,"109":0,"110":0,"111":0,"112":0,"113":0,"114":0,"115":0,"116":0,"117":0,"118":0,"119":0,"120":0,"121":0,"122":0,"123":0,"124":0,"125":0,"126":0,"127":0,"128":0,"129":0,"130":0,"131":0,"132":0,"133":0,"134":0,"135":0,"136":0,"137":0,"138":0,"139":0,"140":0,"141":0,"142":0,"143":0,"144":0,"145":0,"146":0,"147":0,"148":0,"149":0,"150":0,"151":0,"152":0,"153":0,"154":0,"155":0,"156":0},"b":{"1":[0,0],"2":[0,0],"3":[0,0],"4":[0,0],"5":[0,0],"6":[0,0],"7":[0,0],"8":[0,0],"9":[0,0],"10":[0,0],"11":[0,0],"12":[0,0],"13":[0,0],"14":[0,0],"15":[0,0],"16":[0,0],"17":[0,0],"18":[0,0],"19":[0,0],"20":[0,0],"21":[0,0],"22":[0,0],"23":[0,0],"24":[0,0],"25":[0,0],"26":[0,0],"27":[0,0],"28":[0,0],"29":[0,0],"30":[0,0],"31":[0,0],"32":[0,0],"33":[0,0],"34":[0,0],"35":[0,0],"36":[0,0],"37":[0,0],"38":[0,0],"39":[0,0],"40":[0,0],"41":[0,0],"42":[0,0],"43":[0,0],"44":[0,0],"45":[0,0],"46":[0,0],"47":[0,0],"48":[0,0],"49":[0,0],"50":[0,0],"51":[0,0],"52":[0,0],"53":[0,0],"54":[0,0],"55":[0,0],"56":[0,0],"57":[0,0],"58":[0,0],"59":[0,0],"60":[0,0],"61":[0,0],"62":[0,0],"63":[0,0],"64":[0,0],"65":[0,0],"66":[0,0],"67":[0,0],"68":[0,0],"69":[0,0],"70":[0,0],"71":[0,0],"72":[0,0],"73":[0,0],"74":[0,0],"75":[0,0],"76":[0,0],"77":[0,0],"78":[0,0]},"f":{"1":0,"2":0,"3":0,"4":0,"5":0,"6":0,"7":0,"8":0,"9":0,"10":0,"11":0,"12":0,"13":0,"14":0,"15":0,"16":0,"17":0,"18":0,"19":0,"20":0,"21":0,"22":0,"23":0,"24":0,"25":0,"26":0,"27":0,"28":0,"29":0,"30":0,"31":0,"32":0,"33":0,"34":0,"35":0,"36":0,"37":0,"38":0,"39":0,"40":0,"41":0,"42":0,"43":0,"44":0,"45":0,"46":0,"47":0,"48":0,"49":0,"50":0,"51":0,"52":0,"53":0,"54":0,"55":0,"56":0,"57":0,"58":0,"59":0,"60":0},"fnMap":{"1":{"name":"onlyAdmin","line":90,"loc":{"start":{"line":90,"column":4},"end":{"line":93,"column":4}}},"2":{"name":"onlyHandlerAndAbove","line":95,"loc":{"start":{"line":95,"column":4},"end":{"line":101,"column":4}}},"3":{"name":"onlyKeeperAndAbove","line":103,"loc":{"start":{"line":103,"column":4},"end":{"line":111,"column":4}}},"4":{"name":"onlyTokenManager","line":113,"loc":{"start":{"line":113,"column":4},"end":{"line":116,"column":4}}},"5":{"name":"constructor","line":118,"loc":{"start":{"line":118,"column":4},"end":{"line":140,"column":4}}},"6":{"name":"setAdmin","line":142,"loc":{"start":{"line":142,"column":4},"end":{"line":144,"column":4}}},"7":{"name":"setExternalAdmin","line":149,"loc":{"start":{"line":146,"column":4},"end":{"line":152,"column":4}}},"8":{"name":"setContractHandler","line":157,"loc":{"start":{"line":154,"column":4},"end":{"line":159,"column":4}}},"9":{"name":"initGlpManager","line":161,"loc":{"start":{"line":161,"column":4},"end":{"line":172,"column":4}}},"10":{"name":"initRewardRouter","line":174,"loc":{"start":{"line":174,"column":4},"end":{"line":186,"column":4}}},"11":{"name":"setKeeper","line":188,"loc":{"start":{"line":188,"column":4},"end":{"line":190,"column":4}}},"12":{"name":"setBuffer","line":192,"loc":{"start":{"line":192,"column":4},"end":{"line":196,"column":4}}},"13":{"name":"setMaxLeverage","line":201,"loc":{"start":{"line":198,"column":4},"end":{"line":209,"column":4}}},"14":{"name":"setFundingRate","line":216,"loc":{"start":{"line":211,"column":4},"end":{"line":228,"column":4}}},"15":{"name":"setShouldToggleIsLeverageEnabled","line":232,"loc":{"start":{"line":230,"column":4},"end":{"line":234,"column":4}}},"16":{"name":"setMarginFeeBasisPoints","line":239,"loc":{"start":{"line":236,"column":4},"end":{"line":242,"column":4}}},"17":{"name":"setSwapFees","line":251,"loc":{"start":{"line":244,"column":4},"end":{"line":264,"column":4}}},"18":{"name":"setFees","line":279,"loc":{"start":{"line":269,"column":4},"end":{"line":292,"column":4}}},"19":{"name":"enableLeverage","line":296,"loc":{"start":{"line":294,"column":4},"end":{"line":315,"column":4}}},"20":{"name":"disableLeverage","line":319,"loc":{"start":{"line":317,"column":4},"end":{"line":338,"column":4}}},"21":{"name":"setIsLeverageEnabled","line":343,"loc":{"start":{"line":340,"column":4},"end":{"line":347,"column":4}}},"22":{"name":"setTokenConfig","line":357,"loc":{"start":{"line":349,"column":4},"end":{"line":383,"column":4}}},"23":{"name":"setUsdgAmounts","line":389,"loc":{"start":{"line":385,"column":4},"end":{"line":393,"column":4}}},"24":{"name":"updateUsdgSupply","line":395,"loc":{"start":{"line":395,"column":4},"end":{"line":410,"column":4}}},"25":{"name":"setShortsTrackerAveragePriceWeight","line":414,"loc":{"start":{"line":412,"column":4},"end":{"line":418,"column":4}}},"26":{"name":"setGlpCooldownDuration","line":422,"loc":{"start":{"line":420,"column":4},"end":{"line":428,"column":4}}},"27":{"name":"setMaxGlobalShortSize","line":434,"loc":{"start":{"line":430,"column":4},"end":{"line":439,"column":4}}},"28":{"name":"removeAdmin","line":441,"loc":{"start":{"line":441,"column":4},"end":{"line":443,"column":4}}},"29":{"name":"setIsSwapEnabled","line":448,"loc":{"start":{"line":445,"column":4},"end":{"line":450,"column":4}}},"30":{"name":"setTier","line":457,"loc":{"start":{"line":452,"column":4},"end":{"line":463,"column":4}}},"31":{"name":"setVaultUtils","line":468,"loc":{"start":{"line":465,"column":4},"end":{"line":470,"column":4}}},"32":{"name":"setMaxGasPrice","line":475,"loc":{"start":{"line":472,"column":4},"end":{"line":478,"column":4}}},"33":{"name":"withdrawFees","line":484,"loc":{"start":{"line":480,"column":4},"end":{"line":486,"column":4}}},"34":{"name":"batchWithdrawFees","line":491,"loc":{"start":{"line":488,"column":4},"end":{"line":495,"column":4}}},"35":{"name":"setInPrivateLiquidationMode","line":500,"loc":{"start":{"line":497,"column":4},"end":{"line":502,"column":4}}},"36":{"name":"setLiquidator","line":508,"loc":{"start":{"line":504,"column":4},"end":{"line":510,"column":4}}},"37":{"name":"setInPrivateTransferMode","line":515,"loc":{"start":{"line":512,"column":4},"end":{"line":517,"column":4}}},"38":{"name":"batchSetBonusRewards","line":523,"loc":{"start":{"line":519,"column":4},"end":{"line":538,"column":4}}},"39":{"name":"transferIn","line":544,"loc":{"start":{"line":540,"column":4},"end":{"line":546,"column":4}}},"40":{"name":"signalApprove","line":552,"loc":{"start":{"line":548,"column":4},"end":{"line":558,"column":4}}},"41":{"name":"approve","line":564,"loc":{"start":{"line":560,"column":4},"end":{"line":571,"column":4}}},"42":{"name":"signalWithdrawToken","line":578,"loc":{"start":{"line":573,"column":4},"end":{"line":590,"column":4}}},"43":{"name":"withdrawToken","line":597,"loc":{"start":{"line":592,"column":4},"end":{"line":610,"column":4}}},"44":{"name":"signalMint","line":616,"loc":{"start":{"line":612,"column":4},"end":{"line":622,"column":4}}},"45":{"name":"processMint","line":628,"loc":{"start":{"line":624,"column":4},"end":{"line":636,"column":4}}},"46":{"name":"signalSetGov","line":641,"loc":{"start":{"line":638,"column":4},"end":{"line":645,"column":4}}},"47":{"name":"setGov","line":647,"loc":{"start":{"line":647,"column":4},"end":{"line":652,"column":4}}},"48":{"name":"signalSetHandler","line":658,"loc":{"start":{"line":654,"column":4},"end":{"line":664,"column":4}}},"49":{"name":"setHandler","line":670,"loc":{"start":{"line":666,"column":4},"end":{"line":677,"column":4}}},"50":{"name":"signalSetPriceFeed","line":682,"loc":{"start":{"line":679,"column":4},"end":{"line":688,"column":4}}},"51":{"name":"setPriceFeed","line":693,"loc":{"start":{"line":690,"column":4},"end":{"line":700,"column":4}}},"52":{"name":"signalRedeemUsdg","line":706,"loc":{"start":{"line":702,"column":4},"end":{"line":712,"column":4}}},"53":{"name":"redeemUsdg","line":718,"loc":{"start":{"line":714,"column":4},"end":{"line":736,"column":4}}},"54":{"name":"signalVaultSetTokenConfig","line":747,"loc":{"start":{"line":738,"column":4},"end":{"line":774,"column":4}}},"55":{"name":"vaultSetTokenConfig","line":785,"loc":{"start":{"line":776,"column":4},"end":{"line":812,"column":4}}},"56":{"name":"cancelAction","line":814,"loc":{"start":{"line":814,"column":4},"end":{"line":816,"column":4}}},"57":{"name":"_mint","line":818,"loc":{"start":{"line":818,"column":4},"end":{"line":830,"column":4}}},"58":{"name":"_setPendingAction","line":832,"loc":{"start":{"line":832,"column":4},"end":{"line":839,"column":4}}},"59":{"name":"_validateAction","line":841,"loc":{"start":{"line":841,"column":4},"end":{"line":847,"column":4}}},"60":{"name":"_clearAction","line":849,"loc":{"start":{"line":849,"column":4},"end":{"line":853,"column":4}}}},"statementMap":{"1":{"start":{"line":91,"column":8},"end":{"line":91,"column":58}},"2":{"start":{"line":96,"column":8},"end":{"line":96,"column":2863}},"3":{"start":{"line":104,"column":8},"end":{"line":104,"column":3037}},"4":{"start":{"line":114,"column":8},"end":{"line":114,"column":65}},"5":{"start":{"line":129,"column":8},"end":{"line":129,"column":66}},"6":{"start":{"line":150,"column":8},"end":{"line":150,"column":69}},"7":{"start":{"line":151,"column":8},"end":{"line":151,"column":39}},"8":{"start":{"line":162,"column":8},"end":{"line":162,"column":55}},"9":{"start":{"line":164,"column":8},"end":{"line":164,"column":57}},"10":{"start":{"line":165,"column":8},"end":{"line":165,"column":38}},"11":{"start":{"line":167,"column":8},"end":{"line":167,"column":46}},"12":{"start":{"line":168,"column":8},"end":{"line":168,"column":32}},"13":{"start":{"line":170,"column":8},"end":{"line":170,"column":42}},"14":{"start":{"line":171,"column":8},"end":{"line":171,"column":49}},"15":{"start":{"line":175,"column":8},"end":{"line":175,"column":65}},"16":{"start":{"line":177,"column":8},"end":{"line":177,"column":5106}},"17":{"start":{"line":181,"column":8},"end":{"line":181,"column":5226}},"18":{"start":{"line":185,"column":8},"end":{"line":185,"column":64}},"19":{"start":{"line":193,"column":8},"end":{"line":193,"column":66}},"20":{"start":{"line":194,"column":8},"end":{"line":194,"column":72}},"21":{"start":{"line":202,"column":8},"end":{"line":202,"column":5893}},"22":{"start":{"line":208,"column":8},"end":{"line":208,"column":42}},"23":{"start":{"line":217,"column":8},"end":{"line":217,"column":6356}},"24":{"start":{"line":221,"column":8},"end":{"line":221,"column":6493}},"25":{"start":{"line":226,"column":8},"end":{"line":226,"column":42}},"26":{"start":{"line":252,"column":8},"end":{"line":252,"column":37}},"27":{"start":{"line":254,"column":8},"end":{"line":254,"column":7631}},"28":{"start":{"line":282,"column":8},"end":{"line":282,"column":8648}},"29":{"start":{"line":297,"column":8},"end":{"line":297,"column":37}},"30":{"start":{"line":299,"column":8},"end":{"line":299,"column":9102}},"31":{"start":{"line":301,"column":12},"end":{"line":301,"column":46}},"32":{"start":{"line":305,"column":8},"end":{"line":305,"column":9290}},"33":{"start":{"line":320,"column":8},"end":{"line":320,"column":37}},"34":{"start":{"line":322,"column":8},"end":{"line":322,"column":9782}},"35":{"start":{"line":324,"column":12},"end":{"line":324,"column":46}},"36":{"start":{"line":328,"column":8},"end":{"line":328,"column":9971}},"37":{"start":{"line":345,"column":8},"end":{"line":345,"column":42}},"38":{"start":{"line":358,"column":8},"end":{"line":358,"column":71}},"39":{"start":{"line":360,"column":8},"end":{"line":360,"column":37}},"40":{"start":{"line":361,"column":8},"end":{"line":361,"column":11016}},"41":{"start":{"line":366,"column":8},"end":{"line":366,"column":59}},"42":{"start":{"line":367,"column":8},"end":{"line":367,"column":50}},"43":{"start":{"line":368,"column":8},"end":{"line":368,"column":56}},"44":{"start":{"line":370,"column":8},"end":{"line":370,"column":11314}},"45":{"start":{"line":380,"column":8},"end":{"line":380,"column":60}},"46":{"start":{"line":382,"column":8},"end":{"line":382,"column":56}},"47":{"start":{"line":390,"column":8},"end":{"line":390,"column":11837}},"48":{"start":{"line":391,"column":12},"end":{"line":391,"column":68}},"49":{"start":{"line":396,"column":8},"end":{"line":396,"column":52}},"50":{"start":{"line":397,"column":8},"end":{"line":397,"column":60}},"51":{"start":{"line":399,"column":8},"end":{"line":399,"column":42}},"52":{"start":{"line":401,"column":8},"end":{"line":401,"column":12223}},"53":{"start":{"line":402,"column":12},"end":{"line":402,"column":56}},"54":{"start":{"line":403,"column":12},"end":{"line":403,"column":51}},"55":{"start":{"line":405,"column":12},"end":{"line":405,"column":56}},"56":{"start":{"line":406,"column":12},"end":{"line":406,"column":51}},"57":{"start":{"line":409,"column":8},"end":{"line":409,"column":45}},"58":{"start":{"line":415,"column":8},"end":{"line":415,"column":12691}},"59":{"start":{"line":423,"column":8},"end":{"line":423,"column":12919}},"60":{"start":{"line":427,"column":8},"end":{"line":427,"column":68}},"61":{"start":{"line":436,"column":8},"end":{"line":436,"column":42}},"62":{"start":{"line":442,"column":8},"end":{"line":442,"column":48}},"63":{"start":{"line":449,"column":8},"end":{"line":449,"column":54}},"64":{"start":{"line":458,"column":8},"end":{"line":458,"column":13899}},"65":{"start":{"line":469,"column":8},"end":{"line":469,"column":48}},"66":{"start":{"line":476,"column":8},"end":{"line":476,"column":65}},"67":{"start":{"line":477,"column":8},"end":{"line":477,"column":50}},"68":{"start":{"line":485,"column":8},"end":{"line":485,"column":53}},"69":{"start":{"line":492,"column":8},"end":{"line":492,"column":14765}},"70":{"start":{"line":493,"column":12},"end":{"line":493,"column":57}},"71":{"start":{"line":501,"column":8},"end":{"line":501,"column":76}},"72":{"start":{"line":509,"column":8},"end":{"line":509,"column":59}},"73":{"start":{"line":516,"column":8},"end":{"line":516,"column":74}},"74":{"start":{"line":524,"column":8},"end":{"line":524,"column":15691}},"75":{"start":{"line":529,"column":8},"end":{"line":529,"column":62}},"76":{"start":{"line":531,"column":8},"end":{"line":531,"column":15875}},"77":{"start":{"line":532,"column":12},"end":{"line":532,"column":42}},"78":{"start":{"line":533,"column":12},"end":{"line":533,"column":40}},"79":{"start":{"line":534,"column":12},"end":{"line":534,"column":60}},"80":{"start":{"line":537,"column":8},"end":{"line":537,"column":63}},"81":{"start":{"line":545,"column":8},"end":{"line":545,"column":67}},"82":{"start":{"line":553,"column":8},"end":{"line":553,"column":16497}},"83":{"start":{"line":556,"column":8},"end":{"line":556,"column":32}},"84":{"start":{"line":557,"column":8},"end":{"line":557,"column":61}},"85":{"start":{"line":565,"column":8},"end":{"line":565,"column":16839}},"86":{"start":{"line":568,"column":8},"end":{"line":568,"column":30}},"87":{"start":{"line":569,"column":8},"end":{"line":569,"column":27}},"88":{"start":{"line":570,"column":8},"end":{"line":570,"column":48}},"89":{"start":{"line":579,"column":8},"end":{"line":579,"column":17235}},"90":{"start":{"line":588,"column":8},"end":{"line":588,"column":32}},"91":{"start":{"line":589,"column":8},"end":{"line":589,"column":77}},"92":{"start":{"line":598,"column":8},"end":{"line":598,"column":17735}},"93":{"start":{"line":607,"column":8},"end":{"line":607,"column":30}},"94":{"start":{"line":608,"column":8},"end":{"line":608,"column":27}},"95":{"start":{"line":609,"column":8},"end":{"line":609,"column":68}},"96":{"start":{"line":617,"column":8},"end":{"line":617,"column":18227}},"97":{"start":{"line":620,"column":8},"end":{"line":620,"column":32}},"98":{"start":{"line":621,"column":8},"end":{"line":621,"column":59}},"99":{"start":{"line":629,"column":8},"end":{"line":629,"column":18570}},"100":{"start":{"line":632,"column":8},"end":{"line":632,"column":30}},"101":{"start":{"line":633,"column":8},"end":{"line":633,"column":27}},"102":{"start":{"line":635,"column":8},"end":{"line":635,"column":40}},"103":{"start":{"line":642,"column":8},"end":{"line":642,"column":77}},"104":{"start":{"line":643,"column":8},"end":{"line":643,"column":32}},"105":{"start":{"line":644,"column":8},"end":{"line":644,"column":48}},"106":{"start":{"line":648,"column":8},"end":{"line":648,"column":77}},"107":{"start":{"line":649,"column":8},"end":{"line":649,"column":30}},"108":{"start":{"line":650,"column":8},"end":{"line":650,"column":27}},"109":{"start":{"line":651,"column":8},"end":{"line":651,"column":44}},"110":{"start":{"line":659,"column":8},"end":{"line":659,"column":19476}},"111":{"start":{"line":662,"column":8},"end":{"line":662,"column":32}},"112":{"start":{"line":663,"column":8},"end":{"line":663,"column":67}},"113":{"start":{"line":671,"column":8},"end":{"line":671,"column":19833}},"114":{"start":{"line":674,"column":8},"end":{"line":674,"column":30}},"115":{"start":{"line":675,"column":8},"end":{"line":675,"column":27}},"116":{"start":{"line":676,"column":8},"end":{"line":676,"column":62}},"117":{"start":{"line":683,"column":8},"end":{"line":683,"column":20199}},"118":{"start":{"line":686,"column":8},"end":{"line":686,"column":32}},"119":{"start":{"line":687,"column":8},"end":{"line":687,"column":59}},"120":{"start":{"line":694,"column":8},"end":{"line":694,"column":20519}},"121":{"start":{"line":697,"column":8},"end":{"line":697,"column":30}},"122":{"start":{"line":698,"column":8},"end":{"line":698,"column":27}},"123":{"start":{"line":699,"column":8},"end":{"line":699,"column":46}},"124":{"start":{"line":707,"column":8},"end":{"line":707,"column":20880}},"125":{"start":{"line":710,"column":8},"end":{"line":710,"column":32}},"126":{"start":{"line":711,"column":8},"end":{"line":711,"column":54}},"127":{"start":{"line":719,"column":8},"end":{"line":719,"column":21217}},"128":{"start":{"line":722,"column":8},"end":{"line":722,"column":30}},"129":{"start":{"line":723,"column":8},"end":{"line":723,"column":27}},"130":{"start":{"line":725,"column":8},"end":{"line":725,"column":44}},"131":{"start":{"line":726,"column":8},"end":{"line":726,"column":53}},"132":{"start":{"line":727,"column":8},"end":{"line":727,"column":42}},"133":{"start":{"line":729,"column":8},"end":{"line":729,"column":47}},"134":{"start":{"line":730,"column":8},"end":{"line":730,"column":54}},"135":{"start":{"line":732,"column":8},"end":{"line":732,"column":52}},"136":{"start":{"line":734,"column":8},"end":{"line":734,"column":54}},"137":{"start":{"line":735,"column":8},"end":{"line":735,"column":45}},"138":{"start":{"line":748,"column":8},"end":{"line":748,"column":22110}},"139":{"start":{"line":762,"column":8},"end":{"line":762,"column":32}},"140":{"start":{"line":764,"column":8},"end":{"line":764,"column":22506}},"141":{"start":{"line":786,"column":8},"end":{"line":786,"column":23042}},"142":{"start":{"line":800,"column":8},"end":{"line":800,"column":30}},"143":{"start":{"line":801,"column":8},"end":{"line":801,"column":27}},"144":{"start":{"line":803,"column":8},"end":{"line":803,"column":23465}},"145":{"start":{"line":815,"column":8},"end":{"line":815,"column":28}},"146":{"start":{"line":819,"column":8},"end":{"line":819,"column":46}},"147":{"start":{"line":821,"column":8},"end":{"line":821,"column":46}},"148":{"start":{"line":823,"column":8},"end":{"line":823,"column":40}},"149":{"start":{"line":824,"column":8},"end":{"line":824,"column":24024}},"150":{"start":{"line":829,"column":8},"end":{"line":829,"column":47}},"151":{"start":{"line":833,"column":8},"end":{"line":833,"column":24276}},"152":{"start":{"line":838,"column":8},"end":{"line":838,"column":41}},"153":{"start":{"line":842,"column":8},"end":{"line":842,"column":78}},"154":{"start":{"line":843,"column":8},"end":{"line":843,"column":24650}},"155":{"start":{"line":850,"column":8},"end":{"line":850,"column":73}},"156":{"start":{"line":852,"column":8},"end":{"line":852,"column":33}}},"branchMap":{"1":{"line":91,"type":"if","locations":[{"start":{"line":91,"column":8},"end":{"line":91,"column":8}},{"start":{"line":91,"column":8},"end":{"line":91,"column":8}}]},"2":{"line":96,"type":"if","locations":[{"start":{"line":96,"column":8},"end":{"line":96,"column":8}},{"start":{"line":96,"column":8},"end":{"line":96,"column":8}}]},"3":{"line":97,"type":"cond-expr","locations":[{"start":{"line":97,"column":12},"end":{"line":97,"column":30}},{"start":{"line":97,"column":35},"end":{"line":97,"column":55}}]},"4":{"line":104,"type":"if","locations":[{"start":{"line":104,"column":8},"end":{"line":104,"column":8}},{"start":{"line":104,"column":8},"end":{"line":104,"column":8}}]},"5":{"line":105,"type":"cond-expr","locations":[{"start":{"line":105,"column":12},"end":{"line":105,"column":30}},{"start":{"line":106,"column":16},"end":{"line":106,"column":36}}]},"6":{"line":105,"type":"cond-expr","locations":[{"start":{"line":105,"column":12},"end":{"line":106,"column":36}},{"start":{"line":107,"column":16},"end":{"line":107,"column":35}}]},"7":{"line":114,"type":"if","locations":[{"start":{"line":114,"column":8},"end":{"line":114,"column":8}},{"start":{"line":114,"column":8},"end":{"line":114,"column":8}}]},"8":{"line":129,"type":"if","locations":[{"start":{"line":129,"column":8},"end":{"line":129,"column":8}},{"start":{"line":129,"column":8},"end":{"line":129,"column":8}}]},"9":{"line":142,"type":"if","locations":[{"start":{"line":142,"column":56},"end":{"line":142,"column":56}},{"start":{"line":142,"column":56},"end":{"line":142,"column":56}}]},"10":{"line":149,"type":"if","locations":[{"start":{"line":149,"column":15},"end":{"line":149,"column":15}},{"start":{"line":149,"column":15},"end":{"line":149,"column":15}}]},"11":{"line":150,"type":"if","locations":[{"start":{"line":150,"column":8},"end":{"line":150,"column":8}},{"start":{"line":150,"column":8},"end":{"line":150,"column":8}}]},"12":{"line":157,"type":"if","locations":[{"start":{"line":157,"column":15},"end":{"line":157,"column":15}},{"start":{"line":157,"column":15},"end":{"line":157,"column":15}}]},"13":{"line":161,"type":"if","locations":[{"start":{"line":161,"column":39},"end":{"line":161,"column":39}},{"start":{"line":161,"column":39},"end":{"line":161,"column":39}}]},"14":{"line":174,"type":"if","locations":[{"start":{"line":174,"column":41},"end":{"line":174,"column":41}},{"start":{"line":174,"column":41},"end":{"line":174,"column":41}}]},"15":{"line":188,"type":"if","locations":[{"start":{"line":188,"column":65},"end":{"line":188,"column":65}},{"start":{"line":188,"column":65},"end":{"line":188,"column":65}}]},"16":{"line":192,"type":"if","locations":[{"start":{"line":192,"column":49},"end":{"line":192,"column":49}},{"start":{"line":192,"column":49},"end":{"line":192,"column":49}}]},"17":{"line":193,"type":"if","locations":[{"start":{"line":193,"column":8},"end":{"line":193,"column":8}},{"start":{"line":193,"column":8},"end":{"line":193,"column":8}}]},"18":{"line":194,"type":"if","locations":[{"start":{"line":194,"column":8},"end":{"line":194,"column":8}},{"start":{"line":194,"column":8},"end":{"line":194,"column":8}}]},"19":{"line":201,"type":"if","locations":[{"start":{"line":201,"column":15},"end":{"line":201,"column":15}},{"start":{"line":201,"column":15},"end":{"line":201,"column":15}}]},"20":{"line":202,"type":"if","locations":[{"start":{"line":202,"column":8},"end":{"line":202,"column":8}},{"start":{"line":202,"column":8},"end":{"line":202,"column":8}}]},"21":{"line":216,"type":"if","locations":[{"start":{"line":216,"column":15},"end":{"line":216,"column":15}},{"start":{"line":216,"column":15},"end":{"line":216,"column":15}}]},"22":{"line":217,"type":"if","locations":[{"start":{"line":217,"column":8},"end":{"line":217,"column":8}},{"start":{"line":217,"column":8},"end":{"line":217,"column":8}}]},"23":{"line":221,"type":"if","locations":[{"start":{"line":221,"column":8},"end":{"line":221,"column":8}},{"start":{"line":221,"column":8},"end":{"line":221,"column":8}}]},"24":{"line":232,"type":"if","locations":[{"start":{"line":232,"column":15},"end":{"line":232,"column":15}},{"start":{"line":232,"column":15},"end":{"line":232,"column":15}}]},"25":{"line":239,"type":"if","locations":[{"start":{"line":239,"column":15},"end":{"line":239,"column":15}},{"start":{"line":239,"column":15},"end":{"line":239,"column":15}}]},"26":{"line":251,"type":"if","locations":[{"start":{"line":251,"column":15},"end":{"line":251,"column":15}},{"start":{"line":251,"column":15},"end":{"line":251,"column":15}}]},"27":{"line":279,"type":"if","locations":[{"start":{"line":279,"column":15},"end":{"line":279,"column":15}},{"start":{"line":279,"column":15},"end":{"line":279,"column":15}}]},"28":{"line":296,"type":"if","locations":[{"start":{"line":296,"column":24},"end":{"line":296,"column":24}},{"start":{"line":296,"column":24},"end":{"line":296,"column":24}}]},"29":{"line":299,"type":"if","locations":[{"start":{"line":299,"column":8},"end":{"line":299,"column":8}},{"start":{"line":299,"column":8},"end":{"line":299,"column":8}}]},"30":{"line":319,"type":"if","locations":[{"start":{"line":319,"column":24},"end":{"line":319,"column":24}},{"start":{"line":319,"column":24},"end":{"line":319,"column":24}}]},"31":{"line":322,"type":"if","locations":[{"start":{"line":322,"column":8},"end":{"line":322,"column":8}},{"start":{"line":322,"column":8},"end":{"line":322,"column":8}}]},"32":{"line":343,"type":"if","locations":[{"start":{"line":343,"column":24},"end":{"line":343,"column":24}},{"start":{"line":343,"column":24},"end":{"line":343,"column":24}}]},"33":{"line":357,"type":"if","locations":[{"start":{"line":357,"column":15},"end":{"line":357,"column":15}},{"start":{"line":357,"column":15},"end":{"line":357,"column":15}}]},"34":{"line":358,"type":"if","locations":[{"start":{"line":358,"column":8},"end":{"line":358,"column":8}},{"start":{"line":358,"column":8},"end":{"line":358,"column":8}}]},"35":{"line":361,"type":"if","locations":[{"start":{"line":361,"column":8},"end":{"line":361,"column":8}},{"start":{"line":361,"column":8},"end":{"line":361,"column":8}}]},"36":{"line":389,"type":"if","locations":[{"start":{"line":389,"column":15},"end":{"line":389,"column":15}},{"start":{"line":389,"column":15},"end":{"line":389,"column":15}}]},"37":{"line":395,"type":"if","locations":[{"start":{"line":395,"column":59},"end":{"line":395,"column":59}},{"start":{"line":395,"column":59},"end":{"line":395,"column":59}}]},"38":{"line":401,"type":"if","locations":[{"start":{"line":401,"column":8},"end":{"line":401,"column":8}},{"start":{"line":401,"column":8},"end":{"line":401,"column":8}}]},"39":{"line":414,"type":"if","locations":[{"start":{"line":414,"column":15},"end":{"line":414,"column":15}},{"start":{"line":414,"column":15},"end":{"line":414,"column":15}}]},"40":{"line":422,"type":"if","locations":[{"start":{"line":422,"column":15},"end":{"line":422,"column":15}},{"start":{"line":422,"column":15},"end":{"line":422,"column":15}}]},"41":{"line":423,"type":"if","locations":[{"start":{"line":423,"column":8},"end":{"line":423,"column":8}},{"start":{"line":423,"column":8},"end":{"line":423,"column":8}}]},"42":{"line":434,"type":"if","locations":[{"start":{"line":434,"column":15},"end":{"line":434,"column":15}},{"start":{"line":434,"column":15},"end":{"line":434,"column":15}}]},"43":{"line":441,"type":"if","locations":[{"start":{"line":441,"column":68},"end":{"line":441,"column":68}},{"start":{"line":441,"column":68},"end":{"line":441,"column":68}}]},"44":{"line":448,"type":"if","locations":[{"start":{"line":448,"column":15},"end":{"line":448,"column":15}},{"start":{"line":448,"column":15},"end":{"line":448,"column":15}}]},"45":{"line":457,"type":"if","locations":[{"start":{"line":457,"column":15},"end":{"line":457,"column":15}},{"start":{"line":457,"column":15},"end":{"line":457,"column":15}}]},"46":{"line":468,"type":"if","locations":[{"start":{"line":468,"column":15},"end":{"line":468,"column":15}},{"start":{"line":468,"column":15},"end":{"line":468,"column":15}}]},"47":{"line":475,"type":"if","locations":[{"start":{"line":475,"column":15},"end":{"line":475,"column":15}},{"start":{"line":475,"column":15},"end":{"line":475,"column":15}}]},"48":{"line":476,"type":"if","locations":[{"start":{"line":476,"column":8},"end":{"line":476,"column":8}},{"start":{"line":476,"column":8},"end":{"line":476,"column":8}}]},"49":{"line":484,"type":"if","locations":[{"start":{"line":484,"column":15},"end":{"line":484,"column":15}},{"start":{"line":484,"column":15},"end":{"line":484,"column":15}}]},"50":{"line":491,"type":"if","locations":[{"start":{"line":491,"column":15},"end":{"line":491,"column":15}},{"start":{"line":491,"column":15},"end":{"line":491,"column":15}}]},"51":{"line":500,"type":"if","locations":[{"start":{"line":500,"column":15},"end":{"line":500,"column":15}},{"start":{"line":500,"column":15},"end":{"line":500,"column":15}}]},"52":{"line":508,"type":"if","locations":[{"start":{"line":508,"column":15},"end":{"line":508,"column":15}},{"start":{"line":508,"column":15},"end":{"line":508,"column":15}}]},"53":{"line":515,"type":"if","locations":[{"start":{"line":515,"column":15},"end":{"line":515,"column":15}},{"start":{"line":515,"column":15},"end":{"line":515,"column":15}}]},"54":{"line":523,"type":"if","locations":[{"start":{"line":523,"column":15},"end":{"line":523,"column":15}},{"start":{"line":523,"column":15},"end":{"line":523,"column":15}}]},"55":{"line":524,"type":"if","locations":[{"start":{"line":524,"column":8},"end":{"line":524,"column":8}},{"start":{"line":524,"column":8},"end":{"line":524,"column":8}}]},"56":{"line":544,"type":"if","locations":[{"start":{"line":544,"column":15},"end":{"line":544,"column":15}},{"start":{"line":544,"column":15},"end":{"line":544,"column":15}}]},"57":{"line":552,"type":"if","locations":[{"start":{"line":552,"column":15},"end":{"line":552,"column":15}},{"start":{"line":552,"column":15},"end":{"line":552,"column":15}}]},"58":{"line":564,"type":"if","locations":[{"start":{"line":564,"column":15},"end":{"line":564,"column":15}},{"start":{"line":564,"column":15},"end":{"line":564,"column":15}}]},"59":{"line":578,"type":"if","locations":[{"start":{"line":578,"column":15},"end":{"line":578,"column":15}},{"start":{"line":578,"column":15},"end":{"line":578,"column":15}}]},"60":{"line":597,"type":"if","locations":[{"start":{"line":597,"column":15},"end":{"line":597,"column":15}},{"start":{"line":597,"column":15},"end":{"line":597,"column":15}}]},"61":{"line":616,"type":"if","locations":[{"start":{"line":616,"column":15},"end":{"line":616,"column":15}},{"start":{"line":616,"column":15},"end":{"line":616,"column":15}}]},"62":{"line":628,"type":"if","locations":[{"start":{"line":628,"column":15},"end":{"line":628,"column":15}},{"start":{"line":628,"column":15},"end":{"line":628,"column":15}}]},"63":{"line":641,"type":"if","locations":[{"start":{"line":641,"column":24},"end":{"line":641,"column":24}},{"start":{"line":641,"column":24},"end":{"line":641,"column":24}}]},"64":{"line":647,"type":"if","locations":[{"start":{"line":647,"column":60},"end":{"line":647,"column":60}},{"start":{"line":647,"column":60},"end":{"line":647,"column":60}}]},"65":{"line":658,"type":"if","locations":[{"start":{"line":658,"column":15},"end":{"line":658,"column":15}},{"start":{"line":658,"column":15},"end":{"line":658,"column":15}}]},"66":{"line":670,"type":"if","locations":[{"start":{"line":670,"column":15},"end":{"line":670,"column":15}},{"start":{"line":670,"column":15},"end":{"line":670,"column":15}}]},"67":{"line":682,"type":"if","locations":[{"start":{"line":682,"column":15},"end":{"line":682,"column":15}},{"start":{"line":682,"column":15},"end":{"line":682,"column":15}}]},"68":{"line":693,"type":"if","locations":[{"start":{"line":693,"column":15},"end":{"line":693,"column":15}},{"start":{"line":693,"column":15},"end":{"line":693,"column":15}}]},"69":{"line":706,"type":"if","locations":[{"start":{"line":706,"column":15},"end":{"line":706,"column":15}},{"start":{"line":706,"column":15},"end":{"line":706,"column":15}}]},"70":{"line":718,"type":"if","locations":[{"start":{"line":718,"column":15},"end":{"line":718,"column":15}},{"start":{"line":718,"column":15},"end":{"line":718,"column":15}}]},"71":{"line":747,"type":"if","locations":[{"start":{"line":747,"column":15},"end":{"line":747,"column":15}},{"start":{"line":747,"column":15},"end":{"line":747,"column":15}}]},"72":{"line":785,"type":"if","locations":[{"start":{"line":785,"column":15},"end":{"line":785,"column":15}},{"start":{"line":785,"column":15},"end":{"line":785,"column":15}}]},"73":{"line":814,"type":"if","locations":[{"start":{"line":814,"column":52},"end":{"line":814,"column":52}},{"start":{"line":814,"column":52},"end":{"line":814,"column":52}}]},"74":{"line":824,"type":"if","locations":[{"start":{"line":824,"column":8},"end":{"line":824,"column":8}},{"start":{"line":824,"column":8},"end":{"line":824,"column":8}}]},"75":{"line":833,"type":"if","locations":[{"start":{"line":833,"column":8},"end":{"line":833,"column":8}},{"start":{"line":833,"column":8},"end":{"line":833,"column":8}}]},"76":{"line":842,"type":"if","locations":[{"start":{"line":842,"column":8},"end":{"line":842,"column":8}},{"start":{"line":842,"column":8},"end":{"line":842,"column":8}}]},"77":{"line":843,"type":"if","locations":[{"start":{"line":843,"column":8},"end":{"line":843,"column":8}},{"start":{"line":843,"column":8},"end":{"line":843,"column":8}}]},"78":{"line":850,"type":"if","locations":[{"start":{"line":850,"column":8},"end":{"line":850,"column":8}},{"start":{"line":850,"column":8},"end":{"line":850,"column":8}}]}}},"contracts/protocol/ChainLinkPriceFeed.sol":{"l":{"20":0,"27":0,"28":0,"29":0,"31":0,"32":0,"37":0,"38":0,"39":0,"41":0,"42":0,"43":0,"45":0,"46":0,"48":0,"49":0,"61":0,"71":0,"88":0,"104":0,"105":0,"107":0,"108":0,"114":0,"115":0,"117":0,"118":0,"125":0,"126":0,"127":0,"143":0,"144":0,"149":0,"151":0,"152":0,"156":0,"157":0,"158":0,"159":0,"160":0,"162":0,"165":0,"166":0,"172":0,"177":0,"180":0,"183":0,"184":0,"185":0,"186":0,"188":0,"195":0,"196":0,"198":0,"199":0,"200":0,"203":0,"204":0,"215":0,"216":0,"218":0,"219":0,"220":0,"222":0,"223":0,"229":0,"236":0,"237":0,"238":0,"239":0,"244":0,"251":0,"258":0,"259":0,"260":0,"261":0,"265":0,"272":0,"280":0,"284":0,"289":0},"path":"/home/liam/Projects/decentralized-perpetual-trading-protocol-cross-chain/contracts/protocol/ChainLinkPriceFeed.sol","s":{"1":0,"2":0,"3":0,"4":0,"5":0,"6":0,"7":0,"8":0,"9":0,"10":0,"11":0,"12":0,"13":0,"14":0,"15":0,"16":0,"17":0,"18":0,"19":0,"20":0,"21":0,"22":0,"23":0,"24":0,"25":0,"26":0,"27":0,"28":0,"29":0,"30":0,"31":0,"32":0,"33":0,"34":0,"35":0,"36":0,"37":0,"38":0,"39":0,"40":0,"41":0,"42":0,"43":0,"44":0,"45":0,"46":0,"47":0,"48":0,"49":0,"50":0,"51":0,"52":0,"53":0,"54":0,"55":0,"56":0,"57":0,"58":0,"59":0,"60":0,"61":0,"62":0,"63":0},"b":{"1":[0,0],"2":[0,0],"3":[0,0],"4":[0,0],"5":[0,0],"6":[0,0],"7":[0,0],"8":[0,0],"9":[0,0],"10":[0,0],"11":[0,0],"12":[0,0],"13":[0,0],"14":[0,0],"15":[0,0],"16":[0,0],"17":[0,0]},"f":{"1":0,"2":0,"3":0,"4":0,"5":0,"6":0,"7":0,"8":0,"9":0,"10":0,"11":0,"12":0,"13":0,"14":0,"15":0,"16":0,"17":0},"fnMap":{"1":{"name":"initialize","line":19,"loc":{"start":{"line":19,"column":4},"end":{"line":21,"column":4}}},"2":{"name":"addAggregator","line":26,"loc":{"start":{"line":23,"column":4},"end":{"line":34,"column":4}}},"3":{"name":"removeAggregator","line":36,"loc":{"start":{"line":36,"column":4},"end":{"line":52,"column":4}}},"4":{"name":"getAggregator","line":58,"loc":{"start":{"line":58,"column":4},"end":{"line":62,"column":4}}},"5":{"name":"getLatestRoundDataTest","line":64,"loc":{"start":{"line":64,"column":4},"end":{"line":73,"column":4}}},"6":{"name":"getRoundDataTest","line":75,"loc":{"start":{"line":75,"column":4},"end":{"line":95,"column":4}}},"7":{"name":"getPrice","line":101,"loc":{"start":{"line":101,"column":4},"end":{"line":109,"column":4}}},"8":{"name":"getLatestTimestamp","line":111,"loc":{"start":{"line":111,"column":4},"end":{"line":119,"column":4}}},"9":{"name":"getTwapPrice","line":121,"loc":{"start":{"line":121,"column":4},"end":{"line":189,"column":4}}},"10":{"name":"getPreviousPrice","line":191,"loc":{"start":{"line":191,"column":4},"end":{"line":209,"column":4}}},"11":{"name":"getPreviousTimestamp","line":211,"loc":{"start":{"line":211,"column":4},"end":{"line":224,"column":4}}},"12":{"name":"getLatestRoundData","line":226,"loc":{"start":{"line":226,"column":4},"end":{"line":245,"column":4}}},"13":{"name":"getRoundData","line":247,"loc":{"start":{"line":247,"column":4},"end":{"line":266,"column":4}}},"14":{"name":"formatDecimals","line":268,"loc":{"start":{"line":268,"column":4},"end":{"line":273,"column":4}}},"15":{"name":"requireNonEmptyAddress","line":279,"loc":{"start":{"line":279,"column":4},"end":{"line":281,"column":4}}},"16":{"name":"requireEnoughHistory","line":283,"loc":{"start":{"line":283,"column":4},"end":{"line":285,"column":4}}},"17":{"name":"requirePositivePrice","line":287,"loc":{"start":{"line":287,"column":4},"end":{"line":290,"column":4}}}},"statementMap":{"1":{"start":{"line":20,"column":8},"end":{"line":20,"column":23}},"2":{"start":{"line":27,"column":8},"end":{"line":27,"column":42}},"3":{"start":{"line":28,"column":8},"end":{"line":28,"column":1166}},"4":{"start":{"line":29,"column":12},"end":{"line":29,"column":44}},"5":{"start":{"line":37,"column":8},"end":{"line":37,"column":68}},"6":{"start":{"line":41,"column":8},"end":{"line":41,"column":45}},"7":{"start":{"line":42,"column":8},"end":{"line":42,"column":1763}},"8":{"start":{"line":43,"column":12},"end":{"line":43,"column":1814}},"9":{"start":{"line":45,"column":16},"end":{"line":45,"column":1942}},"10":{"start":{"line":48,"column":16},"end":{"line":48,"column":34}},"11":{"start":{"line":61,"column":8},"end":{"line":61,"column":42}},"12":{"start":{"line":104,"column":8},"end":{"line":104,"column":71}},"13":{"start":{"line":105,"column":8},"end":{"line":105,"column":50}},"14":{"start":{"line":107,"column":8},"end":{"line":107,"column":66}},"15":{"start":{"line":108,"column":8},"end":{"line":108,"column":78}},"16":{"start":{"line":114,"column":8},"end":{"line":114,"column":71}},"17":{"start":{"line":115,"column":8},"end":{"line":115,"column":50}},"18":{"start":{"line":117,"column":8},"end":{"line":117,"column":70}},"19":{"start":{"line":118,"column":8},"end":{"line":118,"column":30}},"20":{"start":{"line":125,"column":8},"end":{"line":125,"column":71}},"21":{"start":{"line":126,"column":8},"end":{"line":126,"column":50}},"22":{"start":{"line":127,"column":8},"end":{"line":127,"column":53}},"23":{"start":{"line":143,"column":8},"end":{"line":143,"column":58}},"24":{"start":{"line":144,"column":8},"end":{"line":144,"column":5349}},"25":{"start":{"line":149,"column":8},"end":{"line":149,"column":59}},"26":{"start":{"line":151,"column":8},"end":{"line":151,"column":5623}},"27":{"start":{"line":152,"column":12},"end":{"line":152,"column":55}},"28":{"start":{"line":156,"column":8},"end":{"line":156,"column":51}},"29":{"start":{"line":157,"column":8},"end":{"line":157,"column":68}},"30":{"start":{"line":158,"column":8},"end":{"line":158,"column":60}},"31":{"start":{"line":159,"column":8},"end":{"line":159,"column":6019}},"32":{"start":{"line":160,"column":12},"end":{"line":160,"column":6050}},"33":{"start":{"line":162,"column":16},"end":{"line":162,"column":78}},"34":{"start":{"line":166,"column":12},"end":{"line":166,"column":6304}},"35":{"start":{"line":172,"column":12},"end":{"line":172,"column":6529}},"36":{"start":{"line":183,"column":12},"end":{"line":183,"column":73}},"37":{"start":{"line":188,"column":8},"end":{"line":188,"column":65}},"38":{"start":{"line":195,"column":8},"end":{"line":195,"column":71}},"39":{"start":{"line":196,"column":8},"end":{"line":196,"column":50}},"40":{"start":{"line":198,"column":8},"end":{"line":198,"column":61}},"41":{"start":{"line":199,"column":8},"end":{"line":199,"column":75}},"42":{"start":{"line":200,"column":8},"end":{"line":200,"column":7883}},"43":{"start":{"line":203,"column":8},"end":{"line":203,"column":42}},"44":{"start":{"line":204,"column":8},"end":{"line":204,"column":8053}},"45":{"start":{"line":215,"column":8},"end":{"line":215,"column":71}},"46":{"start":{"line":216,"column":8},"end":{"line":216,"column":50}},"47":{"start":{"line":218,"column":8},"end":{"line":218,"column":61}},"48":{"start":{"line":219,"column":8},"end":{"line":219,"column":75}},"49":{"start":{"line":220,"column":8},"end":{"line":220,"column":8669}},"50":{"start":{"line":222,"column":8},"end":{"line":222,"column":42}},"51":{"start":{"line":223,"column":8},"end":{"line":223,"column":32}},"52":{"start":{"line":229,"column":8},"end":{"line":229,"column":9018}},"53":{"start":{"line":237,"column":8},"end":{"line":237,"column":9191}},"54":{"start":{"line":238,"column":12},"end":{"line":238,"column":38}},"55":{"start":{"line":244,"column":8},"end":{"line":244,"column":51}},"56":{"start":{"line":251,"column":8},"end":{"line":251,"column":9653}},"57":{"start":{"line":258,"column":8},"end":{"line":258,"column":9783}},"58":{"start":{"line":259,"column":12},"end":{"line":259,"column":38}},"59":{"start":{"line":265,"column":8},"end":{"line":265,"column":61}},"60":{"start":{"line":272,"column":8},"end":{"line":272,"column":66}},"61":{"start":{"line":280,"column":8},"end":{"line":280,"column":52}},"62":{"start":{"line":284,"column":8},"end":{"line":284,"column":48}},"63":{"start":{"line":289,"column":8},"end":{"line":289,"column":44}}},"branchMap":{"1":{"line":19,"type":"if","locations":[{"start":{"line":19,"column":33},"end":{"line":19,"column":33}},{"start":{"line":19,"column":33},"end":{"line":19,"column":33}}]},"2":{"line":26,"type":"if","locations":[{"start":{"line":26,"column":15},"end":{"line":26,"column":15}},{"start":{"line":26,"column":15},"end":{"line":26,"column":15}}]},"3":{"line":28,"type":"if","locations":[{"start":{"line":28,"column":8},"end":{"line":28,"column":8}},{"start":{"line":28,"column":8},"end":{"line":28,"column":8}}]},"4":{"line":36,"type":"if","locations":[{"start":{"line":36,"column":62},"end":{"line":36,"column":62}},{"start":{"line":36,"column":62},"end":{"line":36,"column":62}}]},"5":{"line":43,"type":"if","locations":[{"start":{"line":43,"column":12},"end":{"line":43,"column":12}},{"start":{"line":43,"column":12},"end":{"line":43,"column":12}}]},"6":{"line":45,"type":"if","locations":[{"start":{"line":45,"column":16},"end":{"line":45,"column":16}},{"start":{"line":45,"column":16},"end":{"line":45,"column":16}}]},"7":{"line":127,"type":"if","locations":[{"start":{"line":127,"column":8},"end":{"line":127,"column":8}},{"start":{"line":127,"column":8},"end":{"line":127,"column":8}}]},"8":{"line":151,"type":"if","locations":[{"start":{"line":151,"column":8},"end":{"line":151,"column":8}},{"start":{"line":151,"column":8},"end":{"line":151,"column":8}}]},"9":{"line":151,"type":"cond-expr","locations":[{"start":{"line":151,"column":12},"end":{"line":151,"column":42}},{"start":{"line":151,"column":47},"end":{"line":151,"column":56}}]},"10":{"line":160,"type":"if","locations":[{"start":{"line":160,"column":12},"end":{"line":160,"column":12}},{"start":{"line":160,"column":12},"end":{"line":160,"column":12}}]},"11":{"line":172,"type":"if","locations":[{"start":{"line":172,"column":12},"end":{"line":172,"column":12}},{"start":{"line":172,"column":12},"end":{"line":172,"column":12}}]},"12":{"line":199,"type":"if","locations":[{"start":{"line":199,"column":8},"end":{"line":199,"column":8}},{"start":{"line":199,"column":8},"end":{"line":199,"column":8}}]},"13":{"line":219,"type":"if","locations":[{"start":{"line":219,"column":8},"end":{"line":219,"column":8}},{"start":{"line":219,"column":8},"end":{"line":219,"column":8}}]},"14":{"line":237,"type":"if","locations":[{"start":{"line":237,"column":8},"end":{"line":237,"column":8}},{"start":{"line":237,"column":8},"end":{"line":237,"column":8}}]},"15":{"line":280,"type":"if","locations":[{"start":{"line":280,"column":8},"end":{"line":280,"column":8}},{"start":{"line":280,"column":8},"end":{"line":280,"column":8}}]},"16":{"line":284,"type":"if","locations":[{"start":{"line":284,"column":8},"end":{"line":284,"column":8}},{"start":{"line":284,"column":8},"end":{"line":284,"column":8}}]},"17":{"line":289,"type":"if","locations":[{"start":{"line":289,"column":8},"end":{"line":289,"column":8}},{"start":{"line":289,"column":8},"end":{"line":289,"column":8}}]}}},"contracts/protocol/common/CbcDecVer.sol":{"l":{"31":0,"32":0,"33":0,"40":0,"64":0,"65":0,"70":0,"75":0,"81":0},"path":"/home/liam/Projects/decentralized-perpetual-trading-protocol-cross-chain/contracts/protocol/common/CbcDecVer.sol","s":{"1":0,"2":0,"3":0,"4":0,"5":0,"6":0,"7":0},"b":{"1":[0,0],"2":[0,0],"3":[0,0],"4":[0,0],"5":[0,0],"6":[0,0]},"f":{"1":0,"2":0,"3":0},"fnMap":{"1":{"name":"addVerifier","line":30,"loc":{"start":{"line":27,"column":4},"end":{"line":34,"column":4}}},"2":{"name":"addRemoteFuturesAdapter","line":39,"loc":{"start":{"line":36,"column":4},"end":{"line":41,"column":4}}},"3":{"name":"decodeAndVerifyEvent","line":53,"loc":{"start":{"line":53,"column":4},"end":{"line":88,"column":4}}}},"statementMap":{"1":{"start":{"line":31,"column":8},"end":{"line":31,"column":59}},"2":{"start":{"line":32,"column":8},"end":{"line":32,"column":67}},"3":{"start":{"line":64,"column":8},"end":{"line":64,"column":56}},"4":{"start":{"line":65,"column":8},"end":{"line":65,"column":2700}},"5":{"start":{"line":70,"column":8},"end":{"line":70,"column":2826}},"6":{"start":{"line":75,"column":8},"end":{"line":75,"column":2981}},"7":{"start":{"line":81,"column":8},"end":{"line":81,"column":3157}}},"branchMap":{"1":{"line":30,"type":"if","locations":[{"start":{"line":30,"column":15},"end":{"line":30,"column":15}},{"start":{"line":30,"column":15},"end":{"line":30,"column":15}}]},"2":{"line":31,"type":"if","locations":[{"start":{"line":31,"column":8},"end":{"line":31,"column":8}},{"start":{"line":31,"column":8},"end":{"line":31,"column":8}}]},"3":{"line":32,"type":"if","locations":[{"start":{"line":32,"column":8},"end":{"line":32,"column":8}},{"start":{"line":32,"column":8},"end":{"line":32,"column":8}}]},"4":{"line":39,"type":"if","locations":[{"start":{"line":39,"column":15},"end":{"line":39,"column":15}},{"start":{"line":39,"column":15},"end":{"line":39,"column":15}}]},"5":{"line":65,"type":"if","locations":[{"start":{"line":65,"column":8},"end":{"line":65,"column":8}},{"start":{"line":65,"column":8},"end":{"line":65,"column":8}}]},"6":{"line":70,"type":"if","locations":[{"start":{"line":70,"column":8},"end":{"line":70,"column":8}},{"start":{"line":70,"column":8},"end":{"line":70,"column":8}}]}}},"contracts/protocol/common/ResponseProcessUtil.sol":{"l":{"30":0,"31":0,"39":0,"41":0,"45":0,"46":0,"47":0,"52":0},"path":"/home/liam/Projects/decentralized-perpetual-trading-protocol-cross-chain/contracts/protocol/common/ResponseProcessUtil.sol","s":{"1":0,"2":0,"3":0,"4":0,"5":0,"6":0,"7":0},"b":{"1":[0,0],"2":[0,0]},"f":{"1":0},"fnMap":{"1":{"name":"getRevertMsg","line":20,"loc":{"start":{"line":20,"column":4},"end":{"line":53,"column":4}}}},"statementMap":{"1":{"start":{"line":30,"column":8},"end":{"line":30,"column":1306}},"2":{"start":{"line":31,"column":12},"end":{"line":31,"column":1358}},"3":{"start":{"line":39,"column":8},"end":{"line":39,"column":46}},"4":{"start":{"line":45,"column":8},"end":{"line":45,"column":1789}},"5":{"start":{"line":46,"column":12},"end":{"line":46,"column":66}},"6":{"start":{"line":47,"column":12},"end":{"line":47,"column":1893}},"7":{"start":{"line":52,"column":8},"end":{"line":52,"column":48}}},"branchMap":{"1":{"line":30,"type":"if","locations":[{"start":{"line":30,"column":8},"end":{"line":30,"column":8}},{"start":{"line":30,"column":8},"end":{"line":30,"column":8}}]},"2":{"line":45,"type":"if","locations":[{"start":{"line":45,"column":8},"end":{"line":45,"column":8}},{"start":{"line":45,"column":8},"end":{"line":45,"column":8}}]}}},"contracts/protocol/DptpFuturesGateway.sol":{"l":{"248":0,"249":0,"251":0,"260":0,"267":0,"268":0,"269":0,"271":0,"272":0,"274":0,"276":0,"287":0,"288":0,"290":0,"291":0,"293":0,"308":0,"320":0,"333":0,"334":0,"336":0,"345":0,"352":0,"353":0,"354":0,"356":0,"357":0,"359":0,"361":0,"372":0,"373":0,"375":0,"376":0,"378":0,"379":0,"380":0,"381":0,"382":0,"399":0,"412":0,"422":0,"431":0,"432":0,"435":0,"437":0,"457":0,"466":0,"467":0,"470":0,"472":0,"490":0,"492":0,"495":0,"506":0,"513":0,"518":0,"527":0,"529":0,"532":0,"543":0,"550":0,"555":0,"568":0,"569":0,"571":0,"572":0,"574":0,"575":0,"576":0,"577":0,"578":0,"579":0,"580":0,"581":0,"584":0,"587":0,"594":0,"603":0,"605":0,"626":0,"628":0,"631":0,"653":0,"665":0,"667":0,"668":0,"677":0,"686":0,"687":0,"690":0,"691":0,"692":0,"700":0,"712":0,"713":0,"715":0,"716":0,"718":0,"719":0,"721":0,"723":0,"724":0,"726":0,"728":0,"750":0,"752":0,"753":0,"756":0,"757":0,"764":0,"767":0,"783":0,"784":0,"785":0,"788":0,"791":0,"810":0,"813":0,"814":0,"819":0,"820":0,"822":0,"825":0,"826":0,"829":0,"834":0,"837":0,"838":0,"841":0,"843":0,"846":0,"866":0,"867":0,"883":0,"884":0,"886":0,"893":0,"894":0,"896":0,"900":0,"908":0,"909":0,"913":0,"925":0,"936":0,"938":0,"941":0,"942":0,"944":0,"945":0,"948":0,"950":0,"951":0,"952":0,"955":0,"957":0,"973":0,"975":0,"982":0,"983":0,"987":0,"995":0,"1006":0,"1019":0,"1021":0,"1024":0,"1025":0,"1028":0,"1029":0,"1031":0,"1032":0,"1034":0,"1042":0,"1043":0,"1044":0,"1047":0,"1059":0,"1066":0,"1067":0,"1070":0,"1071":0,"1074":0,"1093":0,"1094":0,"1096":0,"1179":0,"1181":0,"1182":0,"1184":0,"1185":0,"1186":0,"1188":0,"1190":0,"1197":0,"1205":0,"1207":0,"1208":0,"1210":0,"1222":0,"1225":0,"1230":0,"1231":0,"1234":0,"1235":0,"1237":0,"1267":0,"1303":0,"1321":0,"1323":0,"1324":0,"1325":0,"1326":0,"1327":0,"1328":0,"1329":0,"1330":0,"1346":0,"1363":0,"1375":0,"1387":0,"1394":0,"1395":0,"1407":0,"1421":0,"1433":0,"1437":0,"1438":0,"1442":0,"1443":0,"1444":0,"1457":0,"1473":0,"1480":0,"1502":0,"1518":0,"1537":0,"1547":0,"1558":0,"1573":0,"1583":0,"1589":0,"1601":0,"1618":0,"1624":0,"1625":0,"1627":0,"1635":0,"1643":0,"1644":0,"1653":0,"1654":0,"1656":0,"1662":0,"1672":0,"1673":0,"1682":0,"1694":0,"1713":0,"1722":0,"1730":0,"1738":0,"1743":0,"1757":0,"1758":0,"1759":0,"1768":0,"1769":0,"1778":0,"1792":0,"1805":0,"1817":0,"1818":0,"1826":0,"1834":0,"1842":0,"1850":0,"1852":0,"1853":0,"1855":0,"1869":0,"1934":0},"path":"/home/liam/Projects/decentralized-perpetual-trading-protocol-cross-chain/contracts/protocol/DptpFuturesGateway.sol","s":{"1":0,"2":0,"3":0,"4":0,"5":0,"6":0,"7":0,"8":0,"9":0,"10":0,"11":0,"12":0,"13":0,"14":0,"15":0,"16":0,"17":0,"18":0,"19":0,"20":0,"21":0,"22":0,"23":0,"24":0,"25":0,"26":0,"27":0,"28":0,"29":0,"30":0,"31":0,"32":0,"33":0,"34":0,"35":0,"36":0,"37":0,"38":0,"39":0,"40":0,"41":0,"42":0,"43":0,"44":0,"45":0,"46":0,"47":0,"48":0,"49":0,"50":0,"51":0,"52":0,"53":0,"54":0,"55":0,"56":0,"57":0,"58":0,"59":0,"60":0,"61":0,"62":0,"63":0,"64":0,"65":0,"66":0,"67":0,"68":0,"69":0,"70":0,"71":0,"72":0,"73":0,"74":0,"75":0,"76":0,"77":0,"78":0,"79":0,"80":0,"81":0,"82":0,"83":0,"84":0,"85":0,"86":0,"87":0,"88":0,"89":0,"90":0,"91":0,"92":0,"93":0,"94":0,"95":0,"96":0,"97":0,"98":0,"99":0,"100":0,"101":0,"102":0,"103":0,"104":0,"105":0,"106":0,"107":0,"108":0,"109":0,"110":0,"111":0,"112":0,"113":0,"114":0,"115":0,"116":0,"117":0,"118":0,"119":0,"120":0,"121":0,"122":0,"123":0,"124":0,"125":0,"126":0,"127":0,"128":0,"129":0,"130":0,"131":0,"132":0,"133":0,"134":0,"135":0,"136":0,"137":0,"138":0,"139":0,"140":0,"141":0,"142":0,"143":0,"144":0,"145":0,"146":0,"147":0,"148":0,"149":0,"150":0,"151":0,"152":0,"153":0,"154":0,"155":0,"156":0,"157":0,"158":0,"159":0,"160":0,"161":0,"162":0,"163":0,"164":0,"165":0,"166":0,"167":0,"168":0,"169":0,"170":0,"171":0,"172":0,"173":0,"174":0,"175":0,"176":0,"177":0,"178":0,"179":0,"180":0,"181":0,"182":0,"183":0,"184":0,"185":0,"186":0,"187":0,"188":0,"189":0,"190":0,"191":0,"192":0,"193":0,"194":0,"195":0,"196":0,"197":0,"198":0,"199":0,"200":0,"201":0,"202":0,"203":0,"204":0,"205":0,"206":0,"207":0,"208":0,"209":0,"210":0,"211":0,"212":0,"213":0,"214":0,"215":0,"216":0,"217":0,"218":0,"219":0,"220":0,"221":0,"222":0,"223":0,"224":0,"225":0,"226":0,"227":0,"228":0,"229":0,"230":0,"231":0,"232":0,"233":0,"234":0,"235":0,"236":0,"237":0,"238":0,"239":0,"240":0,"241":0,"242":0,"243":0,"244":0,"245":0,"246":0,"247":0,"248":0,"249":0,"250":0,"251":0,"252":0,"253":0,"254":0},"b":{"1":[0,0],"2":[0,0],"3":[0,0],"4":[0,0],"5":[0,0],"6":[0,0],"7":[0,0],"8":[0,0],"9":[0,0],"10":[0,0],"11":[0,0],"12":[0,0],"13":[0,0],"14":[0,0],"15":[0,0],"16":[0,0],"17":[0,0],"18":[0,0],"19":[0,0],"20":[0,0],"21":[0,0],"22":[0,0],"23":[0,0],"24":[0,0],"25":[0,0],"26":[0,0],"27":[0,0],"28":[0,0],"29":[0,0],"30":[0,0],"31":[0,0],"32":[0,0],"33":[0,0],"34":[0,0],"35":[0,0],"36":[0,0],"37":[0,0],"38":[0,0],"39":[0,0],"40":[0,0],"41":[0,0],"42":[0,0],"43":[0,0],"44":[0,0],"45":[0,0],"46":[0,0],"47":[0,0],"48":[0,0],"49":[0,0],"50":[0,0],"51":[0,0],"52":[0,0],"53":[0,0],"54":[0,0],"55":[0,0],"56":[0,0],"57":[0,0],"58":[0,0],"59":[0,0],"60":[0,0],"61":[0,0],"62":[0,0],"63":[0,0],"64":[0,0],"65":[0,0],"66":[0,0],"67":[0,0],"68":[0,0],"69":[0,0],"70":[0,0],"71":[0,0],"72":[0,0],"73":[0,0],"74":[0,0],"75":[0,0],"76":[0,0],"77":[0,0],"78":[0,0],"79":[0,0]},"f":{"1":0,"2":0,"3":0,"4":0,"5":0,"6":0,"7":0,"8":0,"9":0,"10":0,"11":0,"12":0,"13":0,"14":0,"15":0,"16":0,"17":0,"18":0,"19":0,"20":0,"21":0,"22":0,"23":0,"24":0,"25":0,"26":0,"27":0,"28":0,"29":0,"30":0,"31":0,"32":0,"33":0,"34":0,"35":0,"36":0,"37":0,"38":0,"39":0,"40":0,"41":0,"42":0,"43":0,"44":0,"45":0,"46":0,"47":0,"48":0,"49":0,"50":0,"51":0,"52":0,"53":0,"54":0,"55":0,"56":0,"57":0,"58":0,"59":0,"60":0,"61":0,"62":0,"63":0,"64":0,"65":0,"66":0,"67":0,"68":0,"69":0},"fnMap":{"1":{"name":"initialize","line":205,"loc":{"start":{"line":197,"column":4},"end":{"line":237,"column":4}}},"2":{"name":"createIncreasePositionRequest","line":247,"loc":{"start":{"line":239,"column":4},"end":{"line":309,"column":4}}},"3":{"name":"createIncreasePositionETH","line":319,"loc":{"start":{"line":311,"column":4},"end":{"line":321,"column":4}}},"4":{"name":"createIncreaseOrderRequest","line":332,"loc":{"start":{"line":323,"column":4},"end":{"line":400,"column":4}}},"5":{"name":"createIncreaseOrderRequestETH","line":411,"loc":{"start":{"line":402,"column":4},"end":{"line":413,"column":4}}},"6":{"name":"createDecreasePositionRequest","line":421,"loc":{"start":{"line":415,"column":4},"end":{"line":447,"column":4}}},"7":{"name":"createDecreaseOrderRequest","line":456,"loc":{"start":{"line":449,"column":4},"end":{"line":482,"column":4}}},"8":{"name":"executeIncreasePosition","line":489,"loc":{"start":{"line":484,"column":4},"end":{"line":519,"column":4}}},"9":{"name":"executeIncreaseLimitOrder","line":526,"loc":{"start":{"line":521,"column":4},"end":{"line":556,"column":4}}},"10":{"name":"_executeIncreasePosition","line":558,"loc":{"start":{"line":558,"column":4},"end":{"line":616,"column":4}}},"11":{"name":"executeDecreasePosition","line":625,"loc":{"start":{"line":618,"column":4},"end":{"line":641,"column":4}}},"12":{"name":"_executeDecreasePosition","line":643,"loc":{"start":{"line":643,"column":4},"end":{"line":705,"column":4}}},"13":{"name":"createCancelOrderRequest","line":711,"loc":{"start":{"line":707,"column":4},"end":{"line":740,"column":4}}},"14":{"name":"executeCancelIncreaseOrder","line":749,"loc":{"start":{"line":742,"column":4},"end":{"line":774,"column":4}}},"15":{"name":"_cancelReduceOrder","line":776,"loc":{"start":{"line":776,"column":4},"end":{"line":801,"column":4}}},"16":{"name":"_cancelIncreaseOrder","line":803,"loc":{"start":{"line":803,"column":4},"end":{"line":856,"column":4}}},"17":{"name":"liquidatePosition","line":865,"loc":{"start":{"line":858,"column":4},"end":{"line":875,"column":4}}},"18":{"name":"createAddCollateralRequest","line":882,"loc":{"start":{"line":877,"column":4},"end":{"line":933,"column":4}}},"19":{"name":"executeAddCollateral","line":935,"loc":{"start":{"line":935,"column":4},"end":{"line":965,"column":4}}},"20":{"name":"createRemoveCollateralRequest","line":972,"loc":{"start":{"line":967,"column":4},"end":{"line":1013,"column":4}}},"21":{"name":"executeRemoveCollateral","line":1017,"loc":{"start":{"line":1015,"column":4},"end":{"line":1049,"column":4}}},"22":{"name":"setTPSL","line":1058,"loc":{"start":{"line":1051,"column":4},"end":{"line":1086,"column":4}}},"23":{"name":"unsetTPAndSL","line":1091,"loc":{"start":{"line":1088,"column":4},"end":{"line":1102,"column":4}}},"24":{"name":"unsetTPOrSL","line":1107,"loc":{"start":{"line":1104,"column":4},"end":{"line":1134,"column":4}}},"25":{"name":"triggerTPSL","line":1136,"loc":{"start":{"line":1136,"column":4},"end":{"line":1171,"column":4}}},"26":{"name":"executeClaimFund","line":1178,"loc":{"start":{"line":1173,"column":4},"end":{"line":1198,"column":4}}},"27":{"name":"refund","line":1203,"loc":{"start":{"line":1200,"column":4},"end":{"line":1243,"column":4}}},"28":{"name":"_increasePosition","line":1245,"loc":{"start":{"line":1245,"column":4},"end":{"line":1276,"column":4}}},"29":{"name":"_decreasePosition","line":1278,"loc":{"start":{"line":1278,"column":4},"end":{"line":1315,"column":4}}},"30":{"name":"_createIncreasePosition","line":1317,"loc":{"start":{"line":1317,"column":4},"end":{"line":1376,"column":4}}},"31":{"name":"_createDecreasePosition","line":1378,"loc":{"start":{"line":1378,"column":4},"end":{"line":1434,"column":4}}},"32":{"name":"_applyVoucher","line":1436,"loc":{"start":{"line":1436,"column":4},"end":{"line":1439,"column":4}}},"33":{"name":"_refundVoucher","line":1441,"loc":{"start":{"line":1441,"column":4},"end":{"line":1445,"column":4}}},"34":{"name":"_collectFees","line":1447,"loc":{"start":{"line":1447,"column":4},"end":{"line":1481,"column":4}}},"35":{"name":"_calculateMarginFees","line":1483,"loc":{"start":{"line":1483,"column":4},"end":{"line":1513,"column":4}}},"36":{"name":"_storeIncreasePositionRequest","line":1515,"loc":{"start":{"line":1515,"column":4},"end":{"line":1531,"column":4}}},"37":{"name":"_getIncreasePositionRequest","line":1533,"loc":{"start":{"line":1533,"column":4},"end":{"line":1541,"column":4}}},"38":{"name":"_getDeleteIncreasePositionRequest","line":1543,"loc":{"start":{"line":1543,"column":4},"end":{"line":1550,"column":4}}},"39":{"name":"_storeDecreasePositionRequest","line":1552,"loc":{"start":{"line":1552,"column":4},"end":{"line":1567,"column":4}}},"40":{"name":"_getDecreasePositionRequest","line":1569,"loc":{"start":{"line":1569,"column":4},"end":{"line":1577,"column":4}}},"41":{"name":"_getDeleteDecreasePositionRequest","line":1579,"loc":{"start":{"line":1579,"column":4},"end":{"line":1586,"column":4}}},"42":{"name":"_deleteDecreasePositionRequest","line":1588,"loc":{"start":{"line":1588,"column":4},"end":{"line":1592,"column":4}}},"43":{"name":"_storeUpdateCollateralRequest","line":1594,"loc":{"start":{"line":1594,"column":4},"end":{"line":1612,"column":4}}},"44":{"name":"_getDeleteUpdateCollateralRequest","line":1614,"loc":{"start":{"line":1614,"column":4},"end":{"line":1621,"column":4}}},"45":{"name":"_transferIn","line":1623,"loc":{"start":{"line":1623,"column":4},"end":{"line":1632,"column":4}}},"46":{"name":"_transferInVoucher","line":1634,"loc":{"start":{"line":1634,"column":4},"end":{"line":1640,"column":4}}},"47":{"name":"_transferInETH","line":1642,"loc":{"start":{"line":1642,"column":4},"end":{"line":1646,"column":4}}},"48":{"name":"_transferOut","line":1648,"loc":{"start":{"line":1648,"column":4},"end":{"line":1657,"column":4}}},"49":{"name":"_transferOutVoucher","line":1659,"loc":{"start":{"line":1659,"column":4},"end":{"line":1667,"column":4}}},"50":{"name":"_transferOutETH","line":1669,"loc":{"start":{"line":1669,"column":4},"end":{"line":1675,"column":4}}},"51":{"name":"_adjustDecimalToToken","line":1677,"loc":{"start":{"line":1677,"column":4},"end":{"line":1683,"column":4}}},"52":{"name":"_validateIncreasePosition","line":1685,"loc":{"start":{"line":1685,"column":4},"end":{"line":1705,"column":4}}},"53":{"name":"_validateUpdateCollateral","line":1707,"loc":{"start":{"line":1707,"column":4},"end":{"line":1719,"column":4}}},"54":{"name":"_validateCaller","line":1721,"loc":{"start":{"line":1721,"column":4},"end":{"line":1723,"column":4}}},"55":{"name":"_usdToTokenMin","line":1725,"loc":{"start":{"line":1725,"column":4},"end":{"line":1731,"column":4}}},"56":{"name":"_tokenToUsdMin","line":1733,"loc":{"start":{"line":1733,"column":4},"end":{"line":1739,"column":4}}},"57":{"name":"_executeExecuteUpdatePositionData","line":1742,"loc":{"start":{"line":1742,"column":4},"end":{"line":1749,"column":4}}},"58":{"name":"_updateLatestExecutedCollateral","line":1751,"loc":{"start":{"line":1751,"column":4},"end":{"line":1760,"column":4}}},"59":{"name":"_updateLatestIncreasePendingCollateral","line":1762,"loc":{"start":{"line":1762,"column":4},"end":{"line":1770,"column":4}}},"60":{"name":"_crossBlockchainCall","line":1772,"loc":{"start":{"line":1772,"column":4},"end":{"line":1784,"column":4}}},"61":{"name":"_storeTpslRequest","line":1786,"loc":{"start":{"line":1786,"column":4},"end":{"line":1798,"column":4}}},"62":{"name":"_deleteTPSLRequestMap","line":1800,"loc":{"start":{"line":1800,"column":4},"end":{"line":1810,"column":4}}},"63":{"name":"getLatestIncreasePendingCollateral","line":1812,"loc":{"start":{"line":1812,"column":4},"end":{"line":1819,"column":4}}},"64":{"name":"getPositionKey","line":1821,"loc":{"start":{"line":1821,"column":4},"end":{"line":1827,"column":4}}},"65":{"name":"_indexTokenToManager","line":1829,"loc":{"start":{"line":1829,"column":4},"end":{"line":1835,"column":4}}},"66":{"name":"_managerToIndexToken","line":1837,"loc":{"start":{"line":1837,"column":4},"end":{"line":1843,"column":4}}},"67":{"name":"_swap","line":1845,"loc":{"start":{"line":1845,"column":4},"end":{"line":1856,"column":4}}},"68":{"name":"onERC721Received","line":1863,"loc":{"start":{"line":1863,"column":4},"end":{"line":1870,"column":4}}},"69":{"name":"setFuturXVoucher","line":1933,"loc":{"start":{"line":1933,"column":4},"end":{"line":1935,"column":4}}}},"statementMap":{"1":{"start":{"line":248,"column":8},"end":{"line":248,"column":44}},"2":{"start":{"line":251,"column":8},"end":{"line":251,"column":7547}},"3":{"start":{"line":260,"column":8},"end":{"line":260,"column":7759}},"4":{"start":{"line":267,"column":8},"end":{"line":267,"column":7925}},"5":{"start":{"line":268,"column":12},"end":{"line":268,"column":36}},"6":{"start":{"line":269,"column":12},"end":{"line":269,"column":8055}},"7":{"start":{"line":272,"column":12},"end":{"line":272,"column":71}},"8":{"start":{"line":274,"column":8},"end":{"line":274,"column":70}},"9":{"start":{"line":276,"column":8},"end":{"line":276,"column":8327}},"10":{"start":{"line":288,"column":8},"end":{"line":288,"column":78}},"11":{"start":{"line":290,"column":8},"end":{"line":290,"column":51}},"12":{"start":{"line":291,"column":8},"end":{"line":291,"column":23}},"13":{"start":{"line":293,"column":8},"end":{"line":293,"column":8791}},"14":{"start":{"line":308,"column":8},"end":{"line":308,"column":46}},"15":{"start":{"line":320,"column":8},"end":{"line":320,"column":16}},"16":{"start":{"line":333,"column":8},"end":{"line":333,"column":44}},"17":{"start":{"line":336,"column":8},"end":{"line":336,"column":10020}},"18":{"start":{"line":345,"column":8},"end":{"line":345,"column":10232}},"19":{"start":{"line":352,"column":8},"end":{"line":352,"column":10398}},"20":{"start":{"line":353,"column":12},"end":{"line":353,"column":36}},"21":{"start":{"line":354,"column":12},"end":{"line":354,"column":10528}},"22":{"start":{"line":357,"column":12},"end":{"line":357,"column":71}},"23":{"start":{"line":359,"column":8},"end":{"line":359,"column":70}},"24":{"start":{"line":361,"column":8},"end":{"line":361,"column":10800}},"25":{"start":{"line":373,"column":8},"end":{"line":373,"column":78}},"26":{"start":{"line":375,"column":8},"end":{"line":375,"column":51}},"27":{"start":{"line":376,"column":8},"end":{"line":376,"column":23}},"28":{"start":{"line":378,"column":8},"end":{"line":378,"column":49}},"29":{"start":{"line":380,"column":12},"end":{"line":380,"column":41}},"30":{"start":{"line":381,"column":12},"end":{"line":381,"column":44}},"31":{"start":{"line":399,"column":8},"end":{"line":399,"column":46}},"32":{"start":{"line":412,"column":8},"end":{"line":412,"column":16}},"33":{"start":{"line":422,"column":8},"end":{"line":422,"column":12525}},"34":{"start":{"line":431,"column":8},"end":{"line":431,"column":12739}},"35":{"start":{"line":432,"column":12},"end":{"line":432,"column":68}},"36":{"start":{"line":435,"column":8},"end":{"line":435,"column":23}},"37":{"start":{"line":437,"column":8},"end":{"line":437,"column":12881}},"38":{"start":{"line":457,"column":8},"end":{"line":457,"column":13411}},"39":{"start":{"line":466,"column":8},"end":{"line":466,"column":13625}},"40":{"start":{"line":467,"column":12},"end":{"line":467,"column":68}},"41":{"start":{"line":470,"column":8},"end":{"line":470,"column":23}},"42":{"start":{"line":472,"column":8},"end":{"line":472,"column":13767}},"43":{"start":{"line":490,"column":8},"end":{"line":490,"column":34}},"44":{"start":{"line":492,"column":8},"end":{"line":492,"column":14296}},"45":{"start":{"line":495,"column":8},"end":{"line":495,"column":14361}},"46":{"start":{"line":506,"column":8},"end":{"line":506,"column":14633}},"47":{"start":{"line":513,"column":8},"end":{"line":513,"column":14892}},"48":{"start":{"line":518,"column":8},"end":{"line":518,"column":46}},"49":{"start":{"line":527,"column":8},"end":{"line":527,"column":34}},"50":{"start":{"line":529,"column":8},"end":{"line":529,"column":15394}},"51":{"start":{"line":532,"column":8},"end":{"line":532,"column":15459}},"52":{"start":{"line":543,"column":8},"end":{"line":543,"column":15731}},"53":{"start":{"line":550,"column":8},"end":{"line":550,"column":15990}},"54":{"start":{"line":555,"column":8},"end":{"line":555,"column":46}},"55":{"start":{"line":568,"column":8},"end":{"line":568,"column":16504}},"56":{"start":{"line":569,"column":12},"end":{"line":569,"column":25}},"57":{"start":{"line":571,"column":8},"end":{"line":571,"column":16612}},"58":{"start":{"line":572,"column":12},"end":{"line":572,"column":25}},"59":{"start":{"line":574,"column":8},"end":{"line":574,"column":
[...]
,"column":8}}]},"7":{"line":345,"type":"if","locations":[{"start":{"line":345,"column":8},"end":{"line":345,"column":8}},{"start":{"line":345,"column":8},"end":{"line":345,"column":8}}]}}},"contracts/token/YieldFarm.sol":{"l":{"21":0,"25":0,"30":0,"34":0,"35":0},"path":"/home/liam/Projects/decentralized-perpetual-trading-protocol-cross-chain/contracts/token/YieldFarm.sol","s":{"1":0,"2":0,"3":0,"4":0},"b":{"1":[0,0],"2":[0,0]},"f":{"1":0,"2":0,"3":0},"fnMap":{"1":{"name":"constructor","line":20,"loc":{"start":{"line":16,"column":4},"end":{"line":22,"column":4}}},"2":{"name":"stake","line":24,"loc":{"start":{"line":24,"column":4},"end":{"line":31,"column":4}}},"3":{"name":"unstake","line":33,"loc":{"start":{"line":33,"column":4},"end":{"line":36,"column":4}}}},"statementMap":{"1":{"start":{"line":25,"column":8},"end":{"line":25,"column":658}},"2":{"start":{"line":30,"column":8},"end":{"line":30,"column":33}},"3":{"start":{"line":34,"column":8},"end":{"line":34,"column":33}},"4":{"start":{"line":35,"column":8},"end":{"line":35,"column":61}}},"branchMap":{"1":{"line":24,"type":"if","locations":[{"start":{"line":24,"column":45},"end":{"line":24,"column":45}},{"start":{"line":24,"column":45},"end":{"line":24,"column":45}}]},"2":{"line":33,"type":"if","locations":[{"start":{"line":33,"column":47},"end":{"line":33,"column":47}},{"start":{"line":33,"column":47},"end":{"line":33,"column":47}}]}}},"contracts/token/YieldToken.sol":{"l":{"36":0,"37":0,"41":0,"42":0,"50":3,"51":3,"52":3,"53":3,"54":3,"58":0,"65":0,"66":0,"72":0,"76":0,"80":0,"89":0,"93":0,"100":0,"104":0,"108":0,"109":0,"110":0,"114":0,"118":0,"119":0,"120":0,"127":0,"128":0,"129":0,"134":0,"135":0,"136":0,"141":0,"147":0,"153":0,"154":0,"156":0,"163":0,"164":0,"171":0,"178":0,"179":0,"187":0,"191":0,"192":0,"193":0,"197":3,"199":3,"201":3,"202":3,"204":3,"205":0,"208":3,"212":0,"217":0,"219":0,"223":0,"225":0,"226":0,"229":0,"237":0,"241":0,"246":0,"247":0,"253":0,"254":0,"256":0,"260":0,"262":0,"263":0,"265":0,"266":0,"269":0,"277":0,"281":0,"286":0,"288":0,"292":3,"293":0,"294":0},"path":"/home/liam/Projects/decentralized-perpetual-trading-protocol-cross-chain/contracts/token/YieldToken.sol","s":{"1":0,"2":0,"3":3,"4":0,"5":0,"6":0,"7":0,"8":0,"9":0,"10":0,"11":0,"12":0,"13":0,"14":0,"15":0,"16":0,"17":0,"18":0,"19":0,"20":0,"21":0,"22":0,"23":0,"24":0,"25":0,"26":0,"27":0,"28":0,"29":3,"30":3,"31":3,"32":3,"33":0,"34":0,"35":0,"36":0,"37":0,"38":0,"39":0,"40":0,"41":0,"42":0,"43":0,"44":0,"45":0,"46":0,"47":0,"48":0,"49":3,"50":0,"51":0},"b":{"1":[0,0],"2":[0,0],"3":[0,0],"4":[0,0],"5":[0,0],"6":[0,0],"7":[0,0],"8":[0,0],"9":[0,0],"10":[0,0],"11":[0,0],"12":[0,0],"13":[0,0],"14":[0,0],"15":[0,0],"16":[0,0],"17":[3,0],"18":[0,3],"19":[0,0],"20":[0,0],"21":[0,0],"22":[0,0],"23":[0,0],"24":[0,0],"25":[0,0],"26":[0,0],"27":[0,0],"28":[0,0]},"f":{"1":0,"2":0,"3":3,"4":0,"5":0,"6":0,"7":0,"8":0,"9":0,"10":0,"11":0,"12":0,"13":0,"14":0,"15":0,"16":0,"17":0,"18":0,"19":0,"20":0,"21":0,"22":0,"23":3,"24":0,"25":0,"26":0,"27":3},"fnMap":{"1":{"name":"onlyGov","line":35,"loc":{"start":{"line":35,"column":4},"end":{"line":38,"column":4}}},"2":{"name":"onlyAdmin","line":40,"loc":{"start":{"line":40,"column":4},"end":{"line":43,"column":4}}},"3":{"name":"constructor","line":45,"loc":{"start":{"line":45,"column":4},"end":{"line":55,"column":4}}},"4":{"name":"setGov","line":57,"loc":{"start":{"line":57,"column":4},"end":{"line":59,"column":4}}},"5":{"name":"setInfo","line":64,"loc":{"start":{"line":61,"column":4},"end":{"line":67,"column":4}}},"6":{"name":"setYieldTrackers","line":71,"loc":{"start":{"line":69,"column":4},"end":{"line":73,"column":4}}},"7":{"name":"addAdmin","line":75,"loc":{"start":{"line":75,"column":4},"end":{"line":77,"column":4}}},"8":{"name":"removeAdmin","line":79,"loc":{"start":{"line":79,"column":4},"end":{"line":81,"column":4}}},"9":{"name":"withdrawToken","line":88,"loc":{"start":{"line":84,"column":4},"end":{"line":90,"column":4}}},"10":{"name":"setInWhitelistMode","line":92,"loc":{"start":{"line":92,"column":4},"end":{"line":94,"column":4}}},"11":{"name":"setWhitelistedHandler","line":99,"loc":{"start":{"line":96,"column":4},"end":{"line":101,"column":4}}},"12":{"name":"addNonStakingAccount","line":103,"loc":{"start":{"line":103,"column":4},"end":{"line":111,"column":4}}},"13":{"name":"removeNonStakingAccount","line":113,"loc":{"start":{"line":113,"column":4},"end":{"line":121,"column":4}}},"14":{"name":"recoverClaim","line":126,"loc":{"start":{"line":123,"column":4},"end":{"line":131,"column":4}}},"15":{"name":"claim","line":133,"loc":{"start":{"line":133,"column":4},"end":{"line":138,"column":4}}},"16":{"name":"totalStaked","line":140,"loc":{"start":{"line":140,"column":4},"end":{"line":142,"column":4}}},"17":{"name":"balanceOf","line":144,"loc":{"start":{"line":144,"column":4},"end":{"line":148,"column":4}}},"18":{"name":"stakedBalance","line":150,"loc":{"start":{"line":150,"column":4},"end":{"line":157,"column":4}}},"19":{"name":"transfer","line":159,"loc":{"start":{"line":159,"column":4},"end":{"line":165,"column":4}}},"20":{"name":"allowance","line":167,"loc":{"start":{"line":167,"column":4},"end":{"line":172,"column":4}}},"21":{"name":"approve","line":174,"loc":{"start":{"line":174,"column":4},"end":{"line":180,"column":4}}},"22":{"name":"transferFrom","line":182,"loc":{"start":{"line":182,"column":4},"end":{"line":194,"column":4}}},"23":{"name":"_mint","line":196,"loc":{"start":{"line":196,"column":4},"end":{"line":209,"column":4}}},"24":{"name":"_burn","line":211,"loc":{"start":{"line":211,"column":4},"end":{"line":230,"column":4}}},"25":{"name":"_transfer","line":232,"loc":{"start":{"line":232,"column":4},"end":{"line":270,"column":4}}},"26":{"name":"_approve","line":272,"loc":{"start":{"line":272,"column":4},"end":{"line":289,"column":4}}},"27":{"name":"_updateRewards","line":291,"loc":{"start":{"line":291,"column":4},"end":{"line":296,"column":4}}}},"statementMap":{"1":{"start":{"line":36,"column":8},"end":{"line":36,"column":58}},"2":{"start":{"line":41,"column":8},"end":{"line":41,"column":59}},"3":{"start":{"line":54,"column":8},"end":{"line":54,"column":40}},"4":{"start":{"line":89,"column":8},"end":{"line":89,"column":53}},"5":{"start":{"line":104,"column":8},"end":{"line":104,"column":2718}},"6":{"start":{"line":108,"column":8},"end":{"line":108,"column":31}},"7":{"start":{"line":114,"column":8},"end":{"line":114,"column":3070}},"8":{"start":{"line":118,"column":8},"end":{"line":118,"column":31}},"9":{"start":{"line":127,"column":8},"end":{"line":127,"column":3448}},"10":{"start":{"line":128,"column":12},"end":{"line":128,"column":51}},"11":{"start":{"line":129,"column":12},"end":{"line":129,"column":65}},"12":{"start":{"line":134,"column":8},"end":{"line":134,"column":3696}},"13":{"start":{"line":135,"column":12},"end":{"line":135,"column":51}},"14":{"start":{"line":136,"column":12},"end":{"line":136,"column":67}},"15":{"start":{"line":141,"column":8},"end":{"line":141,"column":48}},"16":{"start":{"line":147,"column":8},"end":{"line":147,"column":33}},"17":{"start":{"line":153,"column":8},"end":{"line":153,"column":4266}},"18":{"start":{"line":154,"column":12},"end":{"line":154,"column":20}},"19":{"start":{"line":156,"column":8},"end":{"line":156,"column":33}},"20":{"start":{"line":163,"column":8},"end":{"line":163,"column":49}},"21":{"start":{"line":164,"column":8},"end":{"line":164,"column":19}},"22":{"start":{"line":171,"column":8},"end":{"line":171,"column":43}},"23":{"start":{"line":178,"column":8},"end":{"line":178,"column":46}},"24":{"start":{"line":179,"column":8},"end":{"line":179,"column":19}},"25":{"start":{"line":187,"column":8},"end":{"line":187,"column":5090}},"26":{"start":{"line":191,"column":8},"end":{"line":191,"column":51}},"27":{"start":{"line":192,"column":8},"end":{"line":192,"column":46}},"28":{"start":{"line":193,"column":8},"end":{"line":193,"column":19}},"29":{"start":{"line":197,"column":8},"end":{"line":197,"column":78}},"30":{"start":{"line":199,"column":8},"end":{"line":199,"column":31}},"31":{"start":{"line":204,"column":8},"end":{"line":204,"column":5674}},"32":{"start":{"line":208,"column":8},"end":{"line":208,"column":52}},"33":{"start":{"line":212,"column":8},"end":{"line":212,"column":5917}},"34":{"start":{"line":217,"column":8},"end":{"line":217,"column":31}},"35":{"start":{"line":225,"column":8},"end":{"line":225,"column":6258}},"36":{"start":{"line":229,"column":8},"end":{"line":229,"column":52}},"37":{"start":{"line":237,"column":8},"end":{"line":237,"column":6553}},"38":{"start":{"line":241,"column":8},"end":{"line":241,"column":6673}},"39":{"start":{"line":246,"column":8},"end":{"line":246,"column":6795}},"40":{"start":{"line":247,"column":12},"end":{"line":247,"column":6834}},"41":{"start":{"line":253,"column":8},"end":{"line":253,"column":30}},"42":{"start":{"line":254,"column":8},"end":{"line":254,"column":33}},"43":{"start":{"line":262,"column":8},"end":{"line":262,"column":7257}},"44":{"start":{"line":265,"column":8},"end":{"line":265,"column":7372}},"45":{"start":{"line":269,"column":8},"end":{"line":269,"column":51}},"46":{"start":{"line":277,"column":8},"end":{"line":277,"column":7664}},"47":{"start":{"line":281,"column":8},"end":{"line":281,"column":7782}},"48":{"start":{"line":288,"column":8},"end":{"line":288,"column":48}},"49":{"start":{"line":292,"column":8},"end":{"line":292,"column":8063}},"50":{"start":{"line":293,"column":12},"end":{"line":293,"column":51}},"51":{"start":{"line":294,"column":12},"end":{"line":294,"column":62}}},"branchMap":{"1":{"line":36,"type":"if","locations":[{"start":{"line":36,"column":8},"end":{"line":36,"column":8}},{"start":{"line":36,"column":8},"end":{"line":36,"column":8}}]},"2":{"line":41,"type":"if","locations":[{"start":{"line":41,"column":8},"end":{"line":41,"column":8}},{"start":{"line":41,"column":8},"end":{"line":41,"column":8}}]},"3":{"line":57,"type":"if","locations":[{"start":{"line":57,"column":43},"end":{"line":57,"column":43}},{"start":{"line":57,"column":43},"end":{"line":57,"column":43}}]},"4":{"line":64,"type":"if","locations":[{"start":{"line":64,"column":15},"end":{"line":64,"column":15}},{"start":{"line":64,"column":15},"end":{"line":64,"column":15}}]},"5":{"line":71,"type":"if","locations":[{"start":{"line":71,"column":15},"end":{"line":71,"column":15}},{"start":{"line":71,"column":15},"end":{"line":71,"column":15}}]},"6":{"line":75,"type":"if","locations":[{"start":{"line":75,"column":49},"end":{"line":75,"column":49}},{"start":{"line":75,"column":49},"end":{"line":75,"column":49}}]},"7":{"line":79,"type":"if","locations":[{"start":{"line":79,"column":61},"end":{"line":79,"column":61}},{"start":{"line":79,"column":61},"end":{"line":79,"column":61}}]},"8":{"line":88,"type":"if","locations":[{"start":{"line":88,"column":15},"end":{"line":88,"column":15}},{"start":{"line":88,"column":15},"end":{"line":88,"column":15}}]},"9":{"line":92,"type":"if","locations":[{"start":{"line":92,"column":64},"end":{"line":92,"column":64}},{"start":{"line":92,"column":64},"end":{"line":92,"column":64}}]},"10":{"line":99,"type":"if","locations":[{"start":{"line":99,"column":15},"end":{"line":99,"column":15}},{"start":{"line":99,"column":15},"end":{"line":99,"column":15}}]},"11":{"line":103,"type":"if","locations":[{"start":{"line":103,"column":61},"end":{"line":103,"column":61}},{"start":{"line":103,"column":61},"end":{"line":103,"column":61}}]},"12":{"line":104,"type":"if","locations":[{"start":{"line":104,"column":8},"end":{"line":104,"column":8}},{"start":{"line":104,"column":8},"end":{"line":104,"column":8}}]},"13":{"line":113,"type":"if","locations":[{"start":{"line":113,"column":64},"end":{"line":113,"column":64}},{"start":{"line":113,"column":64},"end":{"line":113,"column":64}}]},"14":{"line":114,"type":"if","locations":[{"start":{"line":114,"column":8},"end":{"line":114,"column":8}},{"start":{"line":114,"column":8},"end":{"line":114,"column":8}}]},"15":{"line":126,"type":"if","locations":[{"start":{"line":126,"column":15},"end":{"line":126,"column":15}},{"start":{"line":126,"column":15},"end":{"line":126,"column":15}}]},"16":{"line":153,"type":"if","locations":[{"start":{"line":153,"column":8},"end":{"line":153,"column":8}},{"start":{"line":153,"column":8},"end":{"line":153,"column":8}}]},"17":{"line":197,"type":"if","locations":[{"start":{"line":197,"column":8},"end":{"line":197,"column":8}},{"start":{"line":197,"column":8},"end":{"line":197,"column":8}}]},"18":{"line":204,"type":"if","locations":[{"start":{"line":204,"column":8},"end":{"line":204,"column":8}},{"start":{"line":204,"column":8},"end":{"line":204,"column":8}}]},"19":{"line":212,"type":"if","locations":[{"start":{"line":212,"column":8},"end":{"line":212,"column":8}},{"start":{"line":212,"column":8},"end":{"line":212,"column":8}}]},"20":{"line":225,"type":"if","locations":[{"start":{"line":225,"column":8},"end":{"line":225,"column":8}},{"start":{"line":225,"column":8},"end":{"line":225,"column":8}}]},"21":{"line":237,"type":"if","locations":[{"start":{"line":237,"column":8},"end":{"line":237,"column":8}},{"start":{"line":237,"column":8},"end":{"line":237,"column":8}}]},"22":{"line":241,"type":"if","locations":[{"start":{"line":241,"column":8},"end":{"line":241,"column":8}},{"start":{"line":241,"column":8},"end":{"line":241,"column":8}}]},"23":{"line":246,"type":"if","locations":[{"start":{"line":246,"column":8},"end":{"line":246,"column":8}},{"start":{"line":246,"column":8},"end":{"line":246,"column":8}}]},"24":{"line":247,"type":"if","locations":[{"start":{"line":247,"column":12},"end":{"line":247,"column":12}},{"start":{"line":247,"column":12},"end":{"line":247,"column":12}}]},"25":{"line":262,"type":"if","locations":[{"start":{"line":262,"column":8},"end":{"line":262,"column":8}},{"start":{"line":262,"column":8},"end":{"line":262,"column":8}}]},"26":{"line":265,"type":"if","locations":[{"start":{"line":265,"column":8},"end":{"line":265,"column":8}},{"start":{"line":265,"column":8},"end":{"line":265,"column":8}}]},"27":{"line":277,"type":"if","locations":[{"start":{"line":277,"column":8},"end":{"line":277,"column":8}},{"start":{"line":277,"column":8},"end":{"line":277,"column":8}}]},"28":{"line":281,"type":"if","locations":[{"start":{"line":281,"column":8},"end":{"line":281,"column":8}},{"start":{"line":281,"column":8},"end":{"line":281,"column":8}}]}}},"contracts/token/YieldTracker.sol":{"l":{"32":0,"33":0,"37":0,"38":0,"42":0,"46":0,"55":0,"62":0,"63":0,"65":0,"66":0,"68":0,"71":0,"72":0,"74":0,"78":0,"84":0,"85":0,"86":0,"88":0,"91":0,"92":0,"95":0,"108":0,"110":0,"111":0,"114":0,"115":0,"118":0,"119":0,"122":0,"127":0,"128":0,"131":0,"132":0,"135":0,"138":0,"146":0,"147":0},"path":"/home/liam/Projects/decentralized-perpetual-trading-protocol-cross-chain/contracts/token/YieldTracker.sol","s":{"1":0,"2":0,"3":0,"4":0,"5":0,"6":0,"7":0,"8":0,"9":0,"10":0,"11":0,"12":0,"13":0,"14":0,"15":0,"16":0,"17":0,"18":0,"19":0,"20":0,"21":0,"22":0,"23":0,"24":0,"25":0,"26":0,"27":0,"28":0},"b":{"1":[0,0],"2":[0,0],"3":[0,0],"4":[0,0],"5":[0,0],"6":[0,0],"7":[0,0],"8":[0,0],"9":[0,0],"10":[0,0],"11":[0,0]},"f":{"1":0,"2":0,"3":0,"4":0,"5":0,"6":0,"7":0,"8":0,"9":0},"fnMap":{"1":{"name":"onlyGov","line":31,"loc":{"start":{"line":31,"column":4},"end":{"line":34,"column":4}}},"2":{"name":"constructor","line":36,"loc":{"start":{"line":36,"column":4},"end":{"line":39,"column":4}}},"3":{"name":"setGov","line":41,"loc":{"start":{"line":41,"column":4},"end":{"line":43,"column":4}}},"4":{"name":"setDistributor","line":45,"loc":{"start":{"line":45,"column":4},"end":{"line":47,"column":4}}},"5":{"name":"withdrawToken","line":54,"loc":{"start":{"line":50,"column":4},"end":{"line":56,"column":4}}},"6":{"name":"claim","line":58,"loc":{"start":{"line":58,"column":4},"end":{"line":75,"column":4}}},"7":{"name":"getTokensPerInterval","line":77,"loc":{"start":{"line":77,"column":4},"end":{"line":79,"column":4}}},"8":{"name":"claimable","line":81,"loc":{"start":{"line":81,"column":4},"end":{"line":105,"column":4}}},"9":{"name":"updateRewards","line":107,"loc":{"start":{"line":107,"column":4},"end":{"line":151,"column":4}}}},"statementMap":{"1":{"start":{"line":32,"column":8},"end":{"line":32,"column":60}},"2":{"start":{"line":55,"column":8},"end":{"line":55,"column":53}},"3":{"start":{"line":62,"column":8},"end":{"line":62,"column":67}},"4":{"start":{"line":63,"column":8},"end":{"line":63,"column":30}},"5":{"start":{"line":65,"column":8},"end":{"line":65,"column":55}},"6":{"start":{"line":68,"column":8},"end":{"line":68,"column":2023}},"7":{"start":{"line":71,"column":8},"end":{"line":71,"column":63}},"8":{"start":{"line":72,"column":8},"end":{"line":72,"column":41}},"9":{"start":{"line":74,"column":8},"end":{"line":74,"column":26}},"10":{"start":{"line":78,"column":8},"end":{"line":78,"column":73}},"11":{"start":{"line":84,"column":8},"end":{"line":84,"column":79}},"12":{"start":{"line":85,"column":8},"end":{"line":85,"column":2616}},"13":{"start":{"line":86,"column":12},"end":{"line":86,"column":44}},"14":{"start":{"line":88,"column":8},"end":{"line":88,"column":2725}},"15":{"start":{"line":91,"column":8},"end":{"line":91,"column":67}},"16":{"start":{"line":92,"column":8},"end":{"line":92,"column":2914}},"17":{"start":{"line":95,"column":8},"end":{"line":95,"column":3050}},"18":{"start":{"line":108,"column":8},"end":{"line":108,"column":27}},"19":{"start":{"line":110,"column":8},"end":{"line":110,"column":3499}},"20":{"start":{"line":114,"column":8},"end":{"line":114,"column":68}},"21":{"start":{"line":115,"column":8},"end":{"line":115,"column":67}},"22":{"start":{"line":118,"column":8},"end":{"line":118,"column":3943}},"23":{"start":{"line":127,"column":8},"end":{"line":127,"column":4355}},"24":{"start":{"line":128,"column":12},"end":{"line":128,"column":18}},"25":{"start":{"line":131,"column":8},"end":{"line":131,"column":4432}},"26":{"start":{"line":132,"column":12},"end":{"line":132,"column":4479}},"27":{"start":{"line":135,"column":12},"end":{"line":135,"column":4594}},"28":{"start":{"line":138,"column":12},"end":{"line":138,"column":4714}}},"branchMap":{"1":{"line":32,"type":"if","locations":[{"start":{"line":32,"column":8},"end":{"line":32,"column":8}},{"start":{"line":32,"column":8},"end":{"line":32,"column":8}}]},"2":{"line":41,"type":"if","locations":[{"start":{"line":41,"column":43},"end":{"line":41,"column":43}},{"start":{"line":41,"column":43},"end":{"line":41,"column":43}}]},"3":{"line":45,"type":"if","locations":[{"start":{"line":45,"column":59},"end":{"line":45,"column":59}},{"start":{"line":45,"column":59},"end":{"line":45,"column":59}}]},"4":{"line":54,"type":"if","locations":[{"start":{"line":54,"column":15},"end":{"line":54,"column":15}},{"start":{"line":54,"column":15},"end":{"line":54,"column":15}}]},"5":{"line":62,"type":"if","locations":[{"start":{"line":62,"column":8},"end":{"line":62,"column":8}},{"start":{"line":62,"column":8},"end":{"line":62,"column":8}}]},"6":{"line":85,"type":"if","locations":[{"start":{"line":85,"column":8},"end":{"line":85,"column":8}},{"start":{"line":85,"column":8},"end":{"line":85,"column":8}}]},"7":{"line":107,"type":"if","locations":[{"start":{"line":107,"column":61},"end":{"line":107,"column":61}},{"start":{"line":107,"column":61},"end":{"line":107,"column":61}}]},"8":{"line":110,"type":"if","locations":[{"start":{"line":110,"column":8},"end":{"line":110,"column":8}},{"start":{"line":110,"column":8},"end":{"line":110,"column":8}}]},"9":{"line":118,"type":"if","locations":[{"start":{"line":118,"column":8},"end":{"line":118,"column":8}},{"start":{"line":118,"column":8},"end":{"line":118,"column":8}}]},"10":{"line":127,"type":"if","locations":[{"start":{"line":127,"column":8},"end":{"line":127,"column":8}},{"start":{"line":127,"column":8},"end":{"line":127,"column":8}}]},"11":{"line":131,"type":"if","locations":[{"start":{"line":131,"column":8},"end":{"line":131,"column":8}},{"start":{"line":131,"column":8},"end":{"line":131,"column":8}}]}}}}